{
  "stats": {
    "suites": 4,
    "tests": 12,
    "passes": 3,
    "pending": 0,
    "failures": 9,
    "start": "2021-07-26T06:04:05.260Z",
    "end": "2021-07-26T06:04:05.318Z",
    "duration": 58,
    "testsRegistered": 12,
    "passPercent": 25,
    "pendingPercent": 0,
    "other": 0,
    "hasOther": false,
    "skipped": 0,
    "hasSkipped": false
  },
  "results": [
    {
      "uuid": "314e603f-86ea-4022-812f-9e32ec234795",
      "title": "",
      "fullFile": "",
      "file": "",
      "beforeHooks": [],
      "afterHooks": [],
      "tests": [],
      "suites": [
        {
          "uuid": "65e30735-4b3b-4ef6-8026-e6fa615ca6ba",
          "title": "Check different imposings from an object root element",
          "fullFile": "C:\\Users\\martena\\Entwicklung\\smithery\\smithery-plugin-json\\test\\imposeObjectRoot.spec.js",
          "file": "\\test\\imposeObjectRoot.spec.js",
          "beforeHooks": [],
          "afterHooks": [],
          "tests": [],
          "suites": [
            {
              "uuid": "182eb68c-cec6-4a82-aabd-e67be3495bab",
              "title": "First level property imposing",
              "fullFile": "C:\\Users\\martena\\Entwicklung\\smithery\\smithery-plugin-json\\test\\imposeObjectRoot.spec.js",
              "file": "\\test\\imposeObjectRoot.spec.js",
              "beforeHooks": [],
              "afterHooks": [],
              "tests": [
                {
                  "title": "Test simple property addition",
                  "fullTitle": "Check different imposings from an object root element First level property imposing Test simple property addition",
                  "timedOut": false,
                  "duration": 12,
                  "state": "failed",
                  "speed": null,
                  "pass": false,
                  "fail": true,
                  "pending": false,
                  "context": null,
                  "code": "const sBaseJSON = '{\"simple\":\"base\"}';\nconst sFeatureJSON = '{\"additional\":\"feature\"}';\nconst sResultJSON = formatResult('{\"simple\":\"base\",\"additional\":\"feature\"}');\nexpect(imposing(sBaseJSON, sFeatureJSON)).to.be.equal(sResultJSON);",
                  "err": {
                    "message": "TypeError: Cannot read property 'type' of undefined",
                    "estack": "TypeError: Cannot read property 'type' of undefined\n    at CodeGenerator.generateExpression (node_modules\\escodegen\\escodegen.js:2469:21)\n    at CodeGenerator.Property (node_modules\\escodegen\\escodegen.js:2159:22)\n    at CodeGenerator.generateExpression (node_modules\\escodegen\\escodegen.js:2475:28)\n    at C:\\Users\\martena\\Entwicklung\\smithery\\smithery-plugin-json\\node_modules\\escodegen\\escodegen.js:2172:33\n    at withIndent (node_modules\\escodegen\\escodegen.js:576:9)\n    at CodeGenerator.ObjectExpression (node_modules\\escodegen\\escodegen.js:2171:13)\n    at CodeGenerator.generateExpression (node_modules\\escodegen\\escodegen.js:2475:28)\n    at generateInternal (node_modules\\escodegen\\escodegen.js:2513:28)\n    at Module.generate (node_modules\\escodegen\\escodegen.js:2577:18)\n    at generate (file:///C:/Users/martena/Entwicklung/smithery/smithery-plugin-json/lib/astTools/generator.js:5:22)\n    at Generator.generate (file:///C:/Users/martena/Entwicklung/smithery/smithery-plugin-json/lib/generator.js:7:16)\n    at formatResult (file:///C:/Users/martena/Entwicklung/smithery/smithery-plugin-json/test/imposeObjectRoot.spec.js:33:19)\n    at Context.<anonymous> (file:///C:/Users/martena/Entwicklung/smithery/smithery-plugin-json/test/imposeObjectRoot.spec.js:41:33)\n    at processImmediate (internal/timers.js:461:21)",
                    "diff": null
                  },
                  "uuid": "2139a6ea-3d14-4761-8300-caea15eb885d",
                  "parentUUID": "182eb68c-cec6-4a82-aabd-e67be3495bab",
                  "isHook": false,
                  "skipped": false
                },
                {
                  "title": "Test simple property replace \"base\" -> \"feature\"",
                  "fullTitle": "Check different imposings from an object root element First level property imposing Test simple property replace \"base\" -> \"feature\"",
                  "timedOut": false,
                  "duration": 1,
                  "state": "failed",
                  "speed": null,
                  "pass": false,
                  "fail": true,
                  "pending": false,
                  "context": null,
                  "code": "const sBaseJSON = '{\"simple\":\"base\"}';\nconst sFeatureJSON = '{\"simple\":\"feature\"}';\nconst sResultJSON = formatResult(sFeatureJSON);\nexpect(imposing(sBaseJSON, sFeatureJSON)).to.be.equal(sResultJSON);",
                  "err": {
                    "message": "TypeError: Cannot read property 'type' of undefined",
                    "estack": "TypeError: Cannot read property 'type' of undefined\n    at CodeGenerator.generateExpression (node_modules\\escodegen\\escodegen.js:2469:21)\n    at CodeGenerator.Property (node_modules\\escodegen\\escodegen.js:2159:22)\n    at CodeGenerator.generateExpression (node_modules\\escodegen\\escodegen.js:2475:28)\n    at C:\\Users\\martena\\Entwicklung\\smithery\\smithery-plugin-json\\node_modules\\escodegen\\escodegen.js:2172:33\n    at withIndent (node_modules\\escodegen\\escodegen.js:576:9)\n    at CodeGenerator.ObjectExpression (node_modules\\escodegen\\escodegen.js:2171:13)\n    at CodeGenerator.generateExpression (node_modules\\escodegen\\escodegen.js:2475:28)\n    at generateInternal (node_modules\\escodegen\\escodegen.js:2513:28)\n    at Module.generate (node_modules\\escodegen\\escodegen.js:2577:18)\n    at generate (file:///C:/Users/martena/Entwicklung/smithery/smithery-plugin-json/lib/astTools/generator.js:5:22)\n    at Generator.generate (file:///C:/Users/martena/Entwicklung/smithery/smithery-plugin-json/lib/generator.js:7:16)\n    at formatResult (file:///C:/Users/martena/Entwicklung/smithery/smithery-plugin-json/test/imposeObjectRoot.spec.js:33:19)\n    at Context.<anonymous> (file:///C:/Users/martena/Entwicklung/smithery/smithery-plugin-json/test/imposeObjectRoot.spec.js:49:33)\n    at processImmediate (internal/timers.js:461:21)",
                    "diff": null
                  },
                  "uuid": "660f6024-83f2-4fc0-8a99-498ab15a3323",
                  "parentUUID": "182eb68c-cec6-4a82-aabd-e67be3495bab",
                  "isHook": false,
                  "skipped": false
                },
                {
                  "title": "Test simple property replace 1 -> 2",
                  "fullTitle": "Check different imposings from an object root element First level property imposing Test simple property replace 1 -> 2",
                  "timedOut": false,
                  "duration": 17,
                  "state": "passed",
                  "speed": "fast",
                  "pass": true,
                  "fail": false,
                  "pending": false,
                  "context": null,
                  "code": "const sBaseJSON = '{\"number\":1}';\nconst sFeatureJSON = '{\"number\":2}';\nconst sResultJSON = formatResult(sFeatureJSON);\nexpect(imposing(sBaseJSON, sFeatureJSON)).to.be.equal(sResultJSON);",
                  "err": {},
                  "uuid": "e67f179c-c396-4dbc-9d4e-9a458c3e880b",
                  "parentUUID": "182eb68c-cec6-4a82-aabd-e67be3495bab",
                  "isHook": false,
                  "skipped": false
                },
                {
                  "title": "Test simple property replace 1 -> {}",
                  "fullTitle": "Check different imposings from an object root element First level property imposing Test simple property replace 1 -> {}",
                  "timedOut": false,
                  "duration": 2,
                  "state": "passed",
                  "speed": "fast",
                  "pass": true,
                  "fail": false,
                  "pending": false,
                  "context": null,
                  "code": "const sBaseJSON = '{\"number\":1}';\nconst sFeatureJSON = '{\"number\":{}}';\nconst sResultJSON = formatResult(sFeatureJSON);\nexpect(imposing(sBaseJSON, sFeatureJSON)).to.be.equal(sResultJSON);",
                  "err": {},
                  "uuid": "f01294cc-2cca-45bf-aaa4-79d7a7b369ba",
                  "parentUUID": "182eb68c-cec6-4a82-aabd-e67be3495bab",
                  "isHook": false,
                  "skipped": false
                },
                {
                  "title": "Test simple property replace 1 -> []",
                  "fullTitle": "Check different imposings from an object root element First level property imposing Test simple property replace 1 -> []",
                  "timedOut": false,
                  "duration": 2,
                  "state": "passed",
                  "speed": "fast",
                  "pass": true,
                  "fail": false,
                  "pending": false,
                  "context": null,
                  "code": "const sBaseJSON = '{\"number\":1}';\nconst sFeatureJSON = '{\"number\":[]}';\nconst sResultJSON = formatResult(sFeatureJSON);\nexpect(imposing(sBaseJSON, sFeatureJSON)).to.be.equal(sResultJSON);",
                  "err": {},
                  "uuid": "553f413c-22c0-4cfc-95a7-6e07245e0060",
                  "parentUUID": "182eb68c-cec6-4a82-aabd-e67be3495bab",
                  "isHook": false,
                  "skipped": false
                }
              ],
              "suites": [],
              "passes": [
                "e67f179c-c396-4dbc-9d4e-9a458c3e880b",
                "f01294cc-2cca-45bf-aaa4-79d7a7b369ba",
                "553f413c-22c0-4cfc-95a7-6e07245e0060"
              ],
              "failures": [
                "2139a6ea-3d14-4761-8300-caea15eb885d",
                "660f6024-83f2-4fc0-8a99-498ab15a3323"
              ],
              "pending": [],
              "skipped": [],
              "duration": 34,
              "root": false,
              "rootEmpty": false,
              "_timeout": 2000
            },
            {
              "uuid": "41027c7e-338e-4f20-ace0-09795d7b6ace",
              "title": "Property replacement",
              "fullFile": "C:\\Users\\martena\\Entwicklung\\smithery\\smithery-plugin-json\\test\\imposeObjectRoot.spec.js",
              "file": "\\test\\imposeObjectRoot.spec.js",
              "beforeHooks": [],
              "afterHooks": [],
              "tests": [
                {
                  "title": "Test object property replace {} -> 1",
                  "fullTitle": "Check different imposings from an object root element Property replacement Test object property replace {} -> 1",
                  "timedOut": false,
                  "duration": 1,
                  "state": "failed",
                  "speed": null,
                  "pass": false,
                  "fail": true,
                  "pending": false,
                  "context": null,
                  "code": "const sBaseJSON = '{\"object\":{\"test\":1}}';\nconst sFeatureJSON = '{\"object\":1}';\nconst sResultJSON = formatResult(sFeatureJSON);\nexpect(imposing(sBaseJSON, sFeatureJSON)).to.be.equal(sResultJSON);",
                  "err": {
                    "message": "Error: Invalid JSON input",
                    "estack": "Error: Invalid JSON input\n    at parse (file:///C:/Users/martena/Entwicklung/smithery/smithery-plugin-json/lib/astTools/parser.js:97:15)\n    at Parser.parse (file:///C:/Users/martena/Entwicklung/smithery/smithery-plugin-json/lib/parser.js:6:21)\n    at Rule.apply (file:///C:/Users/martena/Entwicklung/smithery/smithery-plugin-json/lib/rules/propertyCompose.js:8:37)\n    at Rule.apply (node_modules\\smithery\\lib\\Rule.js:11:21)\n    at Imposer.composeTrees (node_modules\\smithery\\lib\\Imposer.js:86:36)\n    at Imposer.composeTrees (node_modules\\smithery\\lib\\Imposer.js:64:55)\n    at Imposer.impose (node_modules\\smithery\\lib\\Imposer.js:20:33)\n    at imposing (file:///C:/Users/martena/Entwicklung/smithery/smithery-plugin-json/test/imposeObjectRoot.spec.js:27:32)\n    at Context.<anonymous> (file:///C:/Users/martena/Entwicklung/smithery/smithery-plugin-json/test/imposeObjectRoot.spec.js:84:20)\n    at processImmediate (internal/timers.js:461:21)",
                    "diff": null
                  },
                  "uuid": "67799ec2-d443-42f4-a53f-00a1b7b87e20",
                  "parentUUID": "41027c7e-338e-4f20-ace0-09795d7b6ace",
                  "isHook": false,
                  "skipped": false
                },
                {
                  "title": "Test array property replace [] -> 1",
                  "fullTitle": "Check different imposings from an object root element Property replacement Test array property replace [] -> 1",
                  "timedOut": false,
                  "duration": 1,
                  "state": "failed",
                  "speed": null,
                  "pass": false,
                  "fail": true,
                  "pending": false,
                  "context": null,
                  "code": "const sBaseJSON = '{\"array\":[\"1\"]}';\nconst sFeatureJSON = '{\"array\":1}';\nconst sResultJSON = formatResult(sFeatureJSON);\nexpect(imposing(sBaseJSON, sFeatureJSON)).to.be.equal(sResultJSON);",
                  "err": {
                    "message": "Error: Invalid JSON input",
                    "estack": "Error: Invalid JSON input\n    at parse (file:///C:/Users/martena/Entwicklung/smithery/smithery-plugin-json/lib/astTools/parser.js:97:15)\n    at Parser.parse (file:///C:/Users/martena/Entwicklung/smithery/smithery-plugin-json/lib/parser.js:6:21)\n    at Rule.apply (file:///C:/Users/martena/Entwicklung/smithery/smithery-plugin-json/lib/rules/propertyCompose.js:8:37)\n    at Rule.apply (node_modules\\smithery\\lib\\Rule.js:11:21)\n    at Imposer.composeTrees (node_modules\\smithery\\lib\\Imposer.js:86:36)\n    at Imposer.composeTrees (node_modules\\smithery\\lib\\Imposer.js:64:55)\n    at Imposer.impose (node_modules\\smithery\\lib\\Imposer.js:20:33)\n    at imposing (file:///C:/Users/martena/Entwicklung/smithery/smithery-plugin-json/test/imposeObjectRoot.spec.js:27:32)\n    at Context.<anonymous> (file:///C:/Users/martena/Entwicklung/smithery/smithery-plugin-json/test/imposeObjectRoot.spec.js:92:20)\n    at processImmediate (internal/timers.js:461:21)",
                    "diff": null
                  },
                  "uuid": "45c65c19-fc77-43cc-a9e5-09818a6747e8",
                  "parentUUID": "41027c7e-338e-4f20-ace0-09795d7b6ace",
                  "isHook": false,
                  "skipped": false
                }
              ],
              "suites": [],
              "passes": [],
              "failures": [
                "67799ec2-d443-42f4-a53f-00a1b7b87e20",
                "45c65c19-fc77-43cc-a9e5-09818a6747e8"
              ],
              "pending": [],
              "skipped": [],
              "duration": 2,
              "root": false,
              "rootEmpty": false,
              "_timeout": 2000
            },
            {
              "uuid": "8253a1b9-8a61-4d36-be05-7df6aaf0dd7b",
              "title": "Property merge",
              "fullFile": "C:\\Users\\martena\\Entwicklung\\smithery\\smithery-plugin-json\\test\\imposeObjectRoot.spec.js",
              "file": "\\test\\imposeObjectRoot.spec.js",
              "beforeHooks": [],
              "afterHooks": [],
              "tests": [
                {
                  "title": "Test array property merge [\"1\", \"2\"] + [\"3\"] => [\"1\", \"2\", \"3\"]",
                  "fullTitle": "Check different imposings from an object root element Property merge Test array property merge [\"1\", \"2\"] + [\"3\"] => [\"1\", \"2\", \"3\"]",
                  "timedOut": false,
                  "duration": 0,
                  "state": "failed",
                  "speed": null,
                  "pass": false,
                  "fail": true,
                  "pending": false,
                  "context": null,
                  "code": "const sBaseJSON = '{\"array\":[\"1\", \"2\"]}';\nconst sFeatureJSON = '{\"array\":[\"3\"]}';\nconst sResultJSON = formatResult('{\"array\": [\"1\",\"2\",\"3\"]}');\ndebugger;\nexpect(imposing(sBaseJSON, sFeatureJSON)).to.be.equal(sResultJSON);",
                  "err": {
                    "message": "TypeError: Cannot read property 'type' of undefined",
                    "estack": "TypeError: Cannot read property 'type' of undefined\n    at CodeGenerator.generateExpression (node_modules\\escodegen\\escodegen.js:2469:21)\n    at CodeGenerator.Property (node_modules\\escodegen\\escodegen.js:2159:22)\n    at CodeGenerator.generateExpression (node_modules\\escodegen\\escodegen.js:2475:28)\n    at C:\\Users\\martena\\Entwicklung\\smithery\\smithery-plugin-json\\node_modules\\escodegen\\escodegen.js:2172:33\n    at withIndent (node_modules\\escodegen\\escodegen.js:576:9)\n    at CodeGenerator.ObjectExpression (node_modules\\escodegen\\escodegen.js:2171:13)\n    at CodeGenerator.generateExpression (node_modules\\escodegen\\escodegen.js:2475:28)\n    at generateInternal (node_modules\\escodegen\\escodegen.js:2513:28)\n    at Module.generate (node_modules\\escodegen\\escodegen.js:2577:18)\n    at generate (file:///C:/Users/martena/Entwicklung/smithery/smithery-plugin-json/lib/astTools/generator.js:5:22)\n    at Generator.generate (file:///C:/Users/martena/Entwicklung/smithery/smithery-plugin-json/lib/generator.js:7:16)\n    at formatResult (file:///C:/Users/martena/Entwicklung/smithery/smithery-plugin-json/test/imposeObjectRoot.spec.js:33:19)\n    at Context.<anonymous> (file:///C:/Users/martena/Entwicklung/smithery/smithery-plugin-json/test/imposeObjectRoot.spec.js:100:33)\n    at processImmediate (internal/timers.js:461:21)",
                    "diff": null
                  },
                  "uuid": "88ebc599-f861-4f50-bb0d-0a4b56f8f34f",
                  "parentUUID": "8253a1b9-8a61-4d36-be05-7df6aaf0dd7b",
                  "isHook": false,
                  "skipped": false
                },
                {
                  "title": "Test array property merge [\"1\"] + [{\"number\": 2}] => [\"1\", {\"number\": 2}]",
                  "fullTitle": "Check different imposings from an object root element Property merge Test array property merge [\"1\"] + [{\"number\": 2}] => [\"1\", {\"number\": 2}]",
                  "timedOut": false,
                  "duration": 0,
                  "state": "failed",
                  "speed": null,
                  "pass": false,
                  "fail": true,
                  "pending": false,
                  "context": null,
                  "code": "const sBaseJSON = '{\"array\":[\"1\"]}';\nconst sFeatureJSON = '{\"array\":[{\"number\": 2}]}';\nconst sResultJSON = formatResult('{\"array\": [\"1\", {\"number\": 2}]}');\nexpect(imposing(sBaseJSON, sFeatureJSON)).to.be.equal(sResultJSON);",
                  "err": {
                    "message": "TypeError: Cannot read property 'type' of undefined",
                    "estack": "TypeError: Cannot read property 'type' of undefined\n    at CodeGenerator.generateExpression (node_modules\\escodegen\\escodegen.js:2469:21)\n    at CodeGenerator.Property (node_modules\\escodegen\\escodegen.js:2159:22)\n    at CodeGenerator.generateExpression (node_modules\\escodegen\\escodegen.js:2475:28)\n    at C:\\Users\\martena\\Entwicklung\\smithery\\smithery-plugin-json\\node_modules\\escodegen\\escodegen.js:2172:33\n    at withIndent (node_modules\\escodegen\\escodegen.js:576:9)\n    at CodeGenerator.ObjectExpression (node_modules\\escodegen\\escodegen.js:2171:13)\n    at CodeGenerator.generateExpression (node_modules\\escodegen\\escodegen.js:2475:28)\n    at generateInternal (node_modules\\escodegen\\escodegen.js:2513:28)\n    at Module.generate (node_modules\\escodegen\\escodegen.js:2577:18)\n    at generate (file:///C:/Users/martena/Entwicklung/smithery/smithery-plugin-json/lib/astTools/generator.js:5:22)\n    at Generator.generate (file:///C:/Users/martena/Entwicklung/smithery/smithery-plugin-json/lib/generator.js:7:16)\n    at formatResult (file:///C:/Users/martena/Entwicklung/smithery/smithery-plugin-json/test/imposeObjectRoot.spec.js:33:19)\n    at Context.<anonymous> (file:///C:/Users/martena/Entwicklung/smithery/smithery-plugin-json/test/imposeObjectRoot.spec.js:108:33)\n    at processImmediate (internal/timers.js:461:21)",
                    "diff": null
                  },
                  "uuid": "e55bc9b8-e9e4-4d16-8ed4-57a4b05d0a2b",
                  "parentUUID": "8253a1b9-8a61-4d36-be05-7df6aaf0dd7b",
                  "isHook": false,
                  "skipped": false
                },
                {
                  "title": "Test array property merge [\"1\"] + [[\"2\"]] => [\"1\", [\"2\"]]",
                  "fullTitle": "Check different imposings from an object root element Property merge Test array property merge [\"1\"] + [[\"2\"]] => [\"1\", [\"2\"]]",
                  "timedOut": false,
                  "duration": 0,
                  "state": "failed",
                  "speed": null,
                  "pass": false,
                  "fail": true,
                  "pending": false,
                  "context": null,
                  "code": "const sBaseJSON = '{\"array\":[\"1\"]}';\nconst sFeatureJSON = '{\"array\":[[\"2\"]]}';\nconst sResultJSON = formatResult('{\"array\": [\"1\", [\"2\"]]}');\nexpect(imposing(sBaseJSON, sFeatureJSON)).to.be.equal(sResultJSON);",
                  "err": {
                    "message": "TypeError: Cannot read property 'type' of undefined",
                    "estack": "TypeError: Cannot read property 'type' of undefined\n    at CodeGenerator.generateExpression (node_modules\\escodegen\\escodegen.js:2469:21)\n    at CodeGenerator.Property (node_modules\\escodegen\\escodegen.js:2159:22)\n    at CodeGenerator.generateExpression (node_modules\\escodegen\\escodegen.js:2475:28)\n    at C:\\Users\\martena\\Entwicklung\\smithery\\smithery-plugin-json\\node_modules\\escodegen\\escodegen.js:2172:33\n    at withIndent (node_modules\\escodegen\\escodegen.js:576:9)\n    at CodeGenerator.ObjectExpression (node_modules\\escodegen\\escodegen.js:2171:13)\n    at CodeGenerator.generateExpression (node_modules\\escodegen\\escodegen.js:2475:28)\n    at generateInternal (node_modules\\escodegen\\escodegen.js:2513:28)\n    at Module.generate (node_modules\\escodegen\\escodegen.js:2577:18)\n    at generate (file:///C:/Users/martena/Entwicklung/smithery/smithery-plugin-json/lib/astTools/generator.js:5:22)\n    at Generator.generate (file:///C:/Users/martena/Entwicklung/smithery/smithery-plugin-json/lib/generator.js:7:16)\n    at formatResult (file:///C:/Users/martena/Entwicklung/smithery/smithery-plugin-json/test/imposeObjectRoot.spec.js:33:19)\n    at Context.<anonymous> (file:///C:/Users/martena/Entwicklung/smithery/smithery-plugin-json/test/imposeObjectRoot.spec.js:116:33)\n    at processImmediate (internal/timers.js:461:21)",
                    "diff": null
                  },
                  "uuid": "627ff538-5958-489f-9ee0-837dbc0d47eb",
                  "parentUUID": "8253a1b9-8a61-4d36-be05-7df6aaf0dd7b",
                  "isHook": false,
                  "skipped": false
                },
                {
                  "title": "Test array property merge [[\"1\"], [\"2\"]] + [[\"3\"]] => [[\"1\"], [\"2\"], [\"3\"]]",
                  "fullTitle": "Check different imposings from an object root element Property merge Test array property merge [[\"1\"], [\"2\"]] + [[\"3\"]] => [[\"1\"], [\"2\"], [\"3\"]]",
                  "timedOut": false,
                  "duration": 1,
                  "state": "failed",
                  "speed": null,
                  "pass": false,
                  "fail": true,
                  "pending": false,
                  "context": null,
                  "code": "const sBaseJSON = '{\"array\":[[\"1\"], [\"2\"]]}';\nconst sFeatureJSON = '{\"array\":[[\"3\"]]}';\nconst sResultJSON = formatResult('{\"array\": [[\"1\"], [\"2\"], [\"3\"]]}');\nexpect(imposing(sBaseJSON, sFeatureJSON)).to.be.equal(sResultJSON);",
                  "err": {
                    "message": "TypeError: Cannot read property 'type' of undefined",
                    "estack": "TypeError: Cannot read property 'type' of undefined\n    at CodeGenerator.generateExpression (node_modules\\escodegen\\escodegen.js:2469:21)\n    at CodeGenerator.Property (node_modules\\escodegen\\escodegen.js:2159:22)\n    at CodeGenerator.generateExpression (node_modules\\escodegen\\escodegen.js:2475:28)\n    at C:\\Users\\martena\\Entwicklung\\smithery\\smithery-plugin-json\\node_modules\\escodegen\\escodegen.js:2172:33\n    at withIndent (node_modules\\escodegen\\escodegen.js:576:9)\n    at CodeGenerator.ObjectExpression (node_modules\\escodegen\\escodegen.js:2171:13)\n    at CodeGenerator.generateExpression (node_modules\\escodegen\\escodegen.js:2475:28)\n    at generateInternal (node_modules\\escodegen\\escodegen.js:2513:28)\n    at Module.generate (node_modules\\escodegen\\escodegen.js:2577:18)\n    at generate (file:///C:/Users/martena/Entwicklung/smithery/smithery-plugin-json/lib/astTools/generator.js:5:22)\n    at Generator.generate (file:///C:/Users/martena/Entwicklung/smithery/smithery-plugin-json/lib/generator.js:7:16)\n    at formatResult (file:///C:/Users/martena/Entwicklung/smithery/smithery-plugin-json/test/imposeObjectRoot.spec.js:33:19)\n    at Context.<anonymous> (file:///C:/Users/martena/Entwicklung/smithery/smithery-plugin-json/test/imposeObjectRoot.spec.js:124:33)\n    at processImmediate (internal/timers.js:461:21)",
                    "diff": null
                  },
                  "uuid": "9aa03912-93e8-4cbd-94c5-6918bde8fe07",
                  "parentUUID": "8253a1b9-8a61-4d36-be05-7df6aaf0dd7b",
                  "isHook": false,
                  "skipped": false
                },
                {
                  "title": "Test array property merge [{\"prop\":\"1\"}, {\"prop\":\"2\"}] + [{\"prop\":\"3\"}] => [{\"prop\":\"1\"}, {\"prop\":\"2\"}, {\"prop\":\"3\"}]",
                  "fullTitle": "Check different imposings from an object root element Property merge Test array property merge [{\"prop\":\"1\"}, {\"prop\":\"2\"}] + [{\"prop\":\"3\"}] => [{\"prop\":\"1\"}, {\"prop\":\"2\"}, {\"prop\":\"3\"}]",
                  "timedOut": false,
                  "duration": 1,
                  "state": "failed",
                  "speed": null,
                  "pass": false,
                  "fail": true,
                  "pending": false,
                  "context": null,
                  "code": "const sBaseJSON = '{\"array\":[{\"prop\":\"1\"}, {\"prop\":\"2\"}]}';\nconst sFeatureJSON = '{\"array\":[{\"prop\":\"3\"}]}';\nconst sResultJSON = formatResult('{\"array\": [{\"prop\":\"1\"}, {\"prop\":\"2\"}, {\"prop\":\"3\"}]}');\nexpect(imposing(sBaseJSON, sFeatureJSON)).to.be.equal(sResultJSON);",
                  "err": {
                    "message": "TypeError: Cannot read property 'type' of undefined",
                    "estack": "TypeError: Cannot read property 'type' of undefined\n    at CodeGenerator.generateExpression (node_modules\\escodegen\\escodegen.js:2469:21)\n    at CodeGenerator.Property (node_modules\\escodegen\\escodegen.js:2159:22)\n    at CodeGenerator.generateExpression (node_modules\\escodegen\\escodegen.js:2475:28)\n    at C:\\Users\\martena\\Entwicklung\\smithery\\smithery-plugin-json\\node_modules\\escodegen\\escodegen.js:2172:33\n    at withIndent (node_modules\\escodegen\\escodegen.js:576:9)\n    at CodeGenerator.ObjectExpression (node_modules\\escodegen\\escodegen.js:2171:13)\n    at CodeGenerator.generateExpression (node_modules\\escodegen\\escodegen.js:2475:28)\n    at generateInternal (node_modules\\escodegen\\escodegen.js:2513:28)\n    at Module.generate (node_modules\\escodegen\\escodegen.js:2577:18)\n    at generate (file:///C:/Users/martena/Entwicklung/smithery/smithery-plugin-json/lib/astTools/generator.js:5:22)\n    at Generator.generate (file:///C:/Users/martena/Entwicklung/smithery/smithery-plugin-json/lib/generator.js:7:16)\n    at formatResult (file:///C:/Users/martena/Entwicklung/smithery/smithery-plugin-json/test/imposeObjectRoot.spec.js:33:19)\n    at Context.<anonymous> (file:///C:/Users/martena/Entwicklung/smithery/smithery-plugin-json/test/imposeObjectRoot.spec.js:131:33)\n    at processImmediate (internal/timers.js:461:21)",
                    "diff": null
                  },
                  "uuid": "662c55ac-48b1-40e3-a7b7-d739f9792b91",
                  "parentUUID": "8253a1b9-8a61-4d36-be05-7df6aaf0dd7b",
                  "isHook": false,
                  "skipped": false
                }
              ],
              "suites": [],
              "passes": [],
              "failures": [
                "88ebc599-f861-4f50-bb0d-0a4b56f8f34f",
                "e55bc9b8-e9e4-4d16-8ed4-57a4b05d0a2b",
                "627ff538-5958-489f-9ee0-837dbc0d47eb",
                "9aa03912-93e8-4cbd-94c5-6918bde8fe07",
                "662c55ac-48b1-40e3-a7b7-d739f9792b91"
              ],
              "pending": [],
              "skipped": [],
              "duration": 2,
              "root": false,
              "rootEmpty": false,
              "_timeout": 2000
            }
          ],
          "passes": [],
          "failures": [],
          "pending": [],
          "skipped": [],
          "duration": 0,
          "root": false,
          "rootEmpty": false,
          "_timeout": 2000
        }
      ],
      "passes": [],
      "failures": [],
      "pending": [],
      "skipped": [],
      "duration": 0,
      "root": true,
      "rootEmpty": true,
      "_timeout": 2000
    }
  ],
  "meta": {
    "mocha": {
      "version": "9.0.2"
    },
    "mochawesome": {
      "options": {
        "quiet": false,
        "reportFilename": "testResults",
        "saveHtml": true,
        "saveJson": true,
        "consoleReporter": "spec",
        "useInlineDiffs": false,
        "code": true
      },
      "version": "6.2.2"
    },
    "marge": {
      "options": {
        "reportDir": "reports/test-results",
        "reportFilename": "testResults"
      },
      "version": "5.2.0"
    }
  }
}