{
  "stats": {
    "suites": 20,
    "tests": 56,
    "passes": 54,
    "pending": 2,
    "failures": 0,
    "start": "2021-08-15T21:41:55.109Z",
    "end": "2021-08-15T21:41:55.176Z",
    "duration": 67,
    "testsRegistered": 56,
    "passPercent": 100,
    "pendingPercent": 3.571428571428571,
    "other": 0,
    "hasOther": false,
    "skipped": 0,
    "hasSkipped": false
  },
  "results": [
    {
      "uuid": "a1f87431-fd5d-48a4-8b5d-b38e0f5aefe5",
      "title": "",
      "fullFile": "",
      "file": "",
      "beforeHooks": [],
      "afterHooks": [],
      "tests": [],
      "suites": [
        {
          "uuid": "f687dc21-a9ae-4047-99c7-84a40d919121",
          "title": "Check different imposings from an object root element",
          "fullFile": "C:\\Users\\martena\\Entwicklung\\smithery\\smithery-plugin-json\\test\\imposeObjectRoot.spec.js",
          "file": "\\test\\imposeObjectRoot.spec.js",
          "beforeHooks": [],
          "afterHooks": [],
          "tests": [],
          "suites": [
            {
              "uuid": "f88ae811-e12a-496f-b098-fb39ae470bfd",
              "title": "First level property imposing",
              "fullFile": "C:\\Users\\martena\\Entwicklung\\smithery\\smithery-plugin-json\\test\\imposeObjectRoot.spec.js",
              "file": "\\test\\imposeObjectRoot.spec.js",
              "beforeHooks": [],
              "afterHooks": [],
              "tests": [
                {
                  "title": "Test simple property addition",
                  "fullTitle": "Check different imposings from an object root element First level property imposing Test simple property addition",
                  "timedOut": false,
                  "duration": 9,
                  "state": "passed",
                  "speed": "fast",
                  "pass": true,
                  "fail": false,
                  "pending": false,
                  "context": null,
                  "code": "const sBaseJSON = '{\"simple\":\"base\"}';\nconst sFeatureJSON = '{\"additional\":\"feature\"}';\nconst sResultJSON = formatResult('{\"simple\":\"base\",\"additional\":\"feature\"}');\nexpect(imposing(sBaseJSON, sFeatureJSON)).to.be.equal(sResultJSON);",
                  "err": {},
                  "uuid": "672afba8-9c0b-48b7-b3d9-939ac6e7a338",
                  "parentUUID": "f88ae811-e12a-496f-b098-fb39ae470bfd",
                  "isHook": false,
                  "skipped": false
                },
                {
                  "title": "Test simple property replace \"base\" -> \"feature\"",
                  "fullTitle": "Check different imposings from an object root element First level property imposing Test simple property replace \"base\" -> \"feature\"",
                  "timedOut": false,
                  "duration": 1,
                  "state": "passed",
                  "speed": "fast",
                  "pass": true,
                  "fail": false,
                  "pending": false,
                  "context": null,
                  "code": "const sBaseJSON = '{\"simple\":\"base\"}';\nconst sFeatureJSON = '{\"simple\":\"feature\"}';\nconst sResultJSON = formatResult(sFeatureJSON);\nexpect(imposing(sBaseJSON, sFeatureJSON)).to.be.equal(sResultJSON);",
                  "err": {},
                  "uuid": "a471c6dc-8124-48f3-9b1d-63e94ce5ccaf",
                  "parentUUID": "f88ae811-e12a-496f-b098-fb39ae470bfd",
                  "isHook": false,
                  "skipped": false
                },
                {
                  "title": "Test simple property replace 1 -> 2",
                  "fullTitle": "Check different imposings from an object root element First level property imposing Test simple property replace 1 -> 2",
                  "timedOut": false,
                  "duration": 1,
                  "state": "passed",
                  "speed": "fast",
                  "pass": true,
                  "fail": false,
                  "pending": false,
                  "context": null,
                  "code": "const sBaseJSON = '{\"number\":1}';\nconst sFeatureJSON = '{\"number\":2}';\nconst sResultJSON = formatResult(sFeatureJSON);\nexpect(imposing(sBaseJSON, sFeatureJSON)).to.be.equal(sResultJSON);",
                  "err": {},
                  "uuid": "d682677b-4cca-435d-bcaa-74baee67f8f9",
                  "parentUUID": "f88ae811-e12a-496f-b098-fb39ae470bfd",
                  "isHook": false,
                  "skipped": false
                },
                {
                  "title": "Test simple property replace 1 -> {}",
                  "fullTitle": "Check different imposings from an object root element First level property imposing Test simple property replace 1 -> {}",
                  "timedOut": false,
                  "duration": 2,
                  "state": "passed",
                  "speed": "fast",
                  "pass": true,
                  "fail": false,
                  "pending": false,
                  "context": null,
                  "code": "const sBaseJSON = '{\"number\":1}';\nconst sFeatureJSON = '{\"number\":{}}';\nconst sResultJSON = formatResult(sFeatureJSON);\nexpect(imposing(sBaseJSON, sFeatureJSON)).to.be.equal(sResultJSON);",
                  "err": {},
                  "uuid": "34c824d2-be48-421f-83dc-313b8b717253",
                  "parentUUID": "f88ae811-e12a-496f-b098-fb39ae470bfd",
                  "isHook": false,
                  "skipped": false
                },
                {
                  "title": "Test simple property replace 1 -> []",
                  "fullTitle": "Check different imposings from an object root element First level property imposing Test simple property replace 1 -> []",
                  "timedOut": false,
                  "duration": 1,
                  "state": "passed",
                  "speed": "fast",
                  "pass": true,
                  "fail": false,
                  "pending": false,
                  "context": null,
                  "code": "const sBaseJSON = '{\"number\":1}';\nconst sFeatureJSON = '{\"number\":[]}';\nconst sResultJSON = formatResult(sFeatureJSON);\nexpect(imposing(sBaseJSON, sFeatureJSON)).to.be.equal(sResultJSON);",
                  "err": {},
                  "uuid": "531d30ee-4daa-4946-acbe-f9d9e69694b0",
                  "parentUUID": "f88ae811-e12a-496f-b098-fb39ae470bfd",
                  "isHook": false,
                  "skipped": false
                }
              ],
              "suites": [],
              "passes": [
                "672afba8-9c0b-48b7-b3d9-939ac6e7a338",
                "a471c6dc-8124-48f3-9b1d-63e94ce5ccaf",
                "d682677b-4cca-435d-bcaa-74baee67f8f9",
                "34c824d2-be48-421f-83dc-313b8b717253",
                "531d30ee-4daa-4946-acbe-f9d9e69694b0"
              ],
              "failures": [],
              "pending": [],
              "skipped": [],
              "duration": 14,
              "root": false,
              "rootEmpty": false,
              "_timeout": 2000
            },
            {
              "uuid": "3108b6cd-bb92-4274-932d-5d24d0251c3e",
              "title": "Property replacement",
              "fullFile": "C:\\Users\\martena\\Entwicklung\\smithery\\smithery-plugin-json\\test\\imposeObjectRoot.spec.js",
              "file": "\\test\\imposeObjectRoot.spec.js",
              "beforeHooks": [],
              "afterHooks": [],
              "tests": [
                {
                  "title": "Test object property replace {} -> 1",
                  "fullTitle": "Check different imposings from an object root element Property replacement Test object property replace {} -> 1",
                  "timedOut": false,
                  "duration": 1,
                  "state": "passed",
                  "speed": "fast",
                  "pass": true,
                  "fail": false,
                  "pending": false,
                  "context": null,
                  "code": "const sBaseJSON = '{\"object\":{\"test\":1}}';\nconst sFeatureJSON = '{\"object\":1}';\nconst sResultJSON = formatResult(sFeatureJSON);\nexpect(imposing(sBaseJSON, sFeatureJSON)).to.be.equal(sResultJSON);",
                  "err": {},
                  "uuid": "0d60db65-c940-4bba-af66-0b0dac0bc565",
                  "parentUUID": "3108b6cd-bb92-4274-932d-5d24d0251c3e",
                  "isHook": false,
                  "skipped": false
                },
                {
                  "title": "Test array property replace [] -> 1",
                  "fullTitle": "Check different imposings from an object root element Property replacement Test array property replace [] -> 1",
                  "timedOut": false,
                  "duration": 2,
                  "state": "passed",
                  "speed": "fast",
                  "pass": true,
                  "fail": false,
                  "pending": false,
                  "context": null,
                  "code": "const sBaseJSON = '{\"array\":[\"1\"]}';\nconst sFeatureJSON = '{\"array\":1}';\nconst sResultJSON = formatResult(sFeatureJSON);\nexpect(imposing(sBaseJSON, sFeatureJSON)).to.be.equal(sResultJSON);",
                  "err": {},
                  "uuid": "8683d95a-609a-435a-a215-4441b1457c42",
                  "parentUUID": "3108b6cd-bb92-4274-932d-5d24d0251c3e",
                  "isHook": false,
                  "skipped": false
                }
              ],
              "suites": [],
              "passes": [
                "0d60db65-c940-4bba-af66-0b0dac0bc565",
                "8683d95a-609a-435a-a215-4441b1457c42"
              ],
              "failures": [],
              "pending": [],
              "skipped": [],
              "duration": 3,
              "root": false,
              "rootEmpty": false,
              "_timeout": 2000
            },
            {
              "uuid": "277d981a-6291-4be1-981d-a0024ccde3f5",
              "title": "Property merge",
              "fullFile": "C:\\Users\\martena\\Entwicklung\\smithery\\smithery-plugin-json\\test\\imposeObjectRoot.spec.js",
              "file": "\\test\\imposeObjectRoot.spec.js",
              "beforeHooks": [],
              "afterHooks": [],
              "tests": [
                {
                  "title": "Test array property merge [\"1\", \"2\"] + [\"3\"] => [\"1\", \"2\", \"3\"]",
                  "fullTitle": "Check different imposings from an object root element Property merge Test array property merge [\"1\", \"2\"] + [\"3\"] => [\"1\", \"2\", \"3\"]",
                  "timedOut": false,
                  "duration": 2,
                  "state": "passed",
                  "speed": "fast",
                  "pass": true,
                  "fail": false,
                  "pending": false,
                  "context": null,
                  "code": "const sBaseJSON = '{\"array\":[\"1\", \"2\"]}';\nconst sFeatureJSON = '{\"array\":[\"3\"]}';\nconst sResultJSON = formatResult('{\"array\": [\"1\",\"2\",\"3\"]}');\ndebugger;\nexpect(imposing(sBaseJSON, sFeatureJSON)).to.be.equal(sResultJSON);",
                  "err": {},
                  "uuid": "fd2db74c-50bc-4f3d-9eb6-5ec3811ec512",
                  "parentUUID": "277d981a-6291-4be1-981d-a0024ccde3f5",
                  "isHook": false,
                  "skipped": false
                },
                {
                  "title": "Test array property merge [\"1\"] + [{\"number\": 2}] => [\"1\", {\"number\": 2}]",
                  "fullTitle": "Check different imposings from an object root element Property merge Test array property merge [\"1\"] + [{\"number\": 2}] => [\"1\", {\"number\": 2}]",
                  "timedOut": false,
                  "duration": 2,
                  "state": "passed",
                  "speed": "fast",
                  "pass": true,
                  "fail": false,
                  "pending": false,
                  "context": null,
                  "code": "const sBaseJSON = '{\"array\":[\"1\"]}';\nconst sFeatureJSON = '{\"array\":[{\"number\": 2}]}';\nconst sResultJSON = formatResult('{\"array\": [\"1\", {\"number\": 2}]}');\nexpect(imposing(sBaseJSON, sFeatureJSON)).to.be.equal(sResultJSON);",
                  "err": {},
                  "uuid": "8a496f4d-04d8-4fc9-bca0-f6a4f2f67a98",
                  "parentUUID": "277d981a-6291-4be1-981d-a0024ccde3f5",
                  "isHook": false,
                  "skipped": false
                },
                {
                  "title": "Test array property merge [\"1\"] + [[\"2\"]] => [\"1\", [\"2\"]]",
                  "fullTitle": "Check different imposings from an object root element Property merge Test array property merge [\"1\"] + [[\"2\"]] => [\"1\", [\"2\"]]",
                  "timedOut": false,
                  "duration": 2,
                  "state": "passed",
                  "speed": "fast",
                  "pass": true,
                  "fail": false,
                  "pending": false,
                  "context": null,
                  "code": "const sBaseJSON = '{\"array\":[\"1\"]}';\nconst sFeatureJSON = '{\"array\":[[\"2\"]]}';\nconst sResultJSON = formatResult('{\"array\": [\"1\", [\"2\"]]}');\nexpect(imposing(sBaseJSON, sFeatureJSON)).to.be.equal(sResultJSON);",
                  "err": {},
                  "uuid": "e2b4e552-3248-4ed8-85ff-a183eb394ab5",
                  "parentUUID": "277d981a-6291-4be1-981d-a0024ccde3f5",
                  "isHook": false,
                  "skipped": false
                },
                {
                  "title": "Test array property merge [[\"1\"], [\"2\"]] + [[\"3\"]] => [[\"1\"], [\"2\"], [\"3\"]]",
                  "fullTitle": "Check different imposings from an object root element Property merge Test array property merge [[\"1\"], [\"2\"]] + [[\"3\"]] => [[\"1\"], [\"2\"], [\"3\"]]",
                  "timedOut": false,
                  "duration": 1,
                  "state": "passed",
                  "speed": "fast",
                  "pass": true,
                  "fail": false,
                  "pending": false,
                  "context": null,
                  "code": "const sBaseJSON = '{\"array\":[[\"1\"], [\"2\"]]}';\nconst sFeatureJSON = '{\"array\":[[\"3\"]]}';\nconst sResultJSON = formatResult('{\"array\": [[\"1\"], [\"2\"], [\"3\"]]}');\nexpect(imposing(sBaseJSON, sFeatureJSON)).to.be.equal(sResultJSON);",
                  "err": {},
                  "uuid": "f46a07d8-d069-4ce0-89d7-5cd5deda6b04",
                  "parentUUID": "277d981a-6291-4be1-981d-a0024ccde3f5",
                  "isHook": false,
                  "skipped": false
                },
                {
                  "title": "Test array property merge [{\"prop\":\"1\"}, {\"prop\":\"2\"}] + [{\"prop\":\"3\"}] => [{\"prop\":\"1\"}, {\"prop\":\"2\"}, {\"prop\":\"3\"}]",
                  "fullTitle": "Check different imposings from an object root element Property merge Test array property merge [{\"prop\":\"1\"}, {\"prop\":\"2\"}] + [{\"prop\":\"3\"}] => [{\"prop\":\"1\"}, {\"prop\":\"2\"}, {\"prop\":\"3\"}]",
                  "timedOut": false,
                  "duration": 2,
                  "state": "passed",
                  "speed": "fast",
                  "pass": true,
                  "fail": false,
                  "pending": false,
                  "context": null,
                  "code": "const sBaseJSON = '{\"array\":[{\"prop\":\"1\"}, {\"prop\":\"2\"}]}';\nconst sFeatureJSON = '{\"array\":[{\"prop\":\"3\"}]}';\nconst sResultJSON = formatResult('{\"array\": [{\"prop\":\"1\"}, {\"prop\":\"2\"}, {\"prop\":\"3\"}]}');\nexpect(imposing(sBaseJSON, sFeatureJSON)).to.be.equal(sResultJSON);",
                  "err": {},
                  "uuid": "322c4cb0-8de0-49d3-beca-ce179ad368e7",
                  "parentUUID": "277d981a-6291-4be1-981d-a0024ccde3f5",
                  "isHook": false,
                  "skipped": false
                }
              ],
              "suites": [],
              "passes": [
                "fd2db74c-50bc-4f3d-9eb6-5ec3811ec512",
                "8a496f4d-04d8-4fc9-bca0-f6a4f2f67a98",
                "e2b4e552-3248-4ed8-85ff-a183eb394ab5",
                "f46a07d8-d069-4ce0-89d7-5cd5deda6b04",
                "322c4cb0-8de0-49d3-beca-ce179ad368e7"
              ],
              "failures": [],
              "pending": [],
              "skipped": [],
              "duration": 9,
              "root": false,
              "rootEmpty": false,
              "_timeout": 2000
            }
          ],
          "passes": [],
          "failures": [],
          "pending": [],
          "skipped": [],
          "duration": 0,
          "root": false,
          "rootEmpty": false,
          "_timeout": 2000
        },
        {
          "uuid": "495d4bc3-d525-4177-93a4-44cfc3d87adb",
          "title": "Transformation Strategies",
          "fullFile": "C:\\Users\\martena\\Entwicklung\\smithery\\smithery-plugin-json\\lib\\astTools\\strategies\\StrategyTests.spec.js",
          "file": "\\lib\\astTools\\strategies\\StrategyTests.spec.js",
          "beforeHooks": [],
          "afterHooks": [],
          "tests": [],
          "suites": [
            {
              "uuid": "9cba92a9-4fad-4b5d-8ec4-008e376b679b",
              "title": "Check the conversion strategy for ArrayExpressions",
              "fullFile": "C:\\Users\\martena\\Entwicklung\\smithery\\smithery-plugin-json\\lib\\astTools\\strategies\\StrategyTests.spec.js",
              "file": "\\lib\\astTools\\strategies\\StrategyTests.spec.js",
              "beforeHooks": [],
              "afterHooks": [],
              "tests": [],
              "suites": [
                {
                  "uuid": "1055fdeb-f5ca-4fef-81f1-d7505582a0de",
                  "title": "Test the AST to FST conversion",
                  "fullFile": "C:\\Users\\martena\\Entwicklung\\smithery\\smithery-plugin-json\\lib\\astTools\\strategies\\StrategyTests.spec.js",
                  "file": "\\lib\\astTools\\strategies\\StrategyTests.spec.js",
                  "beforeHooks": [
                    {
                      "title": "\"before each\" hook: Setup AST in \"Test the AST to FST conversion\"",
                      "fullTitle": "Transformation Strategies Check the conversion strategy for ArrayExpressions Test the AST to FST conversion \"before each\" hook: Setup AST in \"Test the AST to FST conversion\"",
                      "timedOut": false,
                      "duration": 0,
                      "state": null,
                      "speed": null,
                      "pass": false,
                      "fail": false,
                      "pending": false,
                      "context": null,
                      "code": "//setup the base AST structure\nrootAST = {\n    \"type\": \"ArrayExpression\",\n    \"start\": 0,\n    \"end\": 1,\n    \"elements\": []\n};\n//setup the base FST structure\ntempResultFST = new FSTTerminal('ArrayExpression', 'root');\ntempResultFST.setMergeStrategy('listConcat');\ntempResultFST.setCodeLanguage('json');",
                      "err": {},
                      "uuid": "feb3701e-17ff-445f-a136-7c873daaf9f7",
                      "parentUUID": "1055fdeb-f5ca-4fef-81f1-d7505582a0de",
                      "isHook": true,
                      "skipped": false
                    }
                  ],
                  "afterHooks": [],
                  "tests": [
                    {
                      "title": "Successfull FST transformation for an empty ArrayExpression ('[]')",
                      "fullTitle": "Transformation Strategies Check the conversion strategy for ArrayExpressions Test the AST to FST conversion Successfull FST transformation for an empty ArrayExpression ('[]')",
                      "timedOut": false,
                      "duration": 0,
                      "state": "passed",
                      "speed": "fast",
                      "pass": true,
                      "fail": false,
                      "pending": false,
                      "context": null,
                      "code": "tempResultFST.setContent([]);\ntempResultFST.setParent();\ntempResultFST.originNode = \"{\\\"type\\\":\\\"ArrayExpression\\\"}\";\nconst transformedFST = arrayExpStrategy.toFST(rootAST);\nexpect(transformedFST).not.to.be.undefined;\nexpect(transformedFST instanceof FSTTerminal).to.be.true;\nexpect(transformedFST).to.be.eql(tempResultFST);",
                      "err": {},
                      "uuid": "373bf59a-f548-40ef-b97d-178f7797dde4",
                      "parentUUID": "1055fdeb-f5ca-4fef-81f1-d7505582a0de",
                      "isHook": false,
                      "skipped": false
                    },
                    {
                      "title": "Successfull FST transformation for an ArrayExpression filled by numbers ('[1,2,3,4]')",
                      "fullTitle": "Transformation Strategies Check the conversion strategy for ArrayExpressions Test the AST to FST conversion Successfull FST transformation for an ArrayExpression filled by numbers ('[1,2,3,4]')",
                      "timedOut": false,
                      "duration": 0,
                      "state": "passed",
                      "speed": "fast",
                      "pass": true,
                      "fail": false,
                      "pending": false,
                      "context": null,
                      "code": "tempResultFST.setContent([\"1\", \"2\", \"3\", \"4\"]);\ntempResultFST.setParent();\ntempResultFST.originNode = \"{\\\"type\\\":\\\"ArrayExpression\\\"}\";\nrootAST.elements.push({\n    \"type\": \"Literal\",\n    \"value\": 1,\n    \"raw\": \"1\"\n});\nrootAST.elements.push({\n    \"type\": \"Literal\",\n    \"value\": 2,\n    \"raw\": \"2\"\n});\nrootAST.elements.push({\n    \"type\": \"Literal\",\n    \"value\": 3,\n    \"raw\": \"3\"\n});\nrootAST.elements.push({\n    \"type\": \"Literal\",\n    \"value\": 4,\n    \"raw\": \"4\"\n});\nconst transformedFST = arrayExpStrategy.toFST(rootAST);\nexpect(transformedFST).not.to.be.undefined;\nexpect(transformedFST instanceof FSTTerminal).to.be.true;\nexpect(transformedFST).to.be.eql(tempResultFST);",
                      "err": {},
                      "uuid": "e1f230b4-2151-4918-8f6d-f2e79f3178ff",
                      "parentUUID": "1055fdeb-f5ca-4fef-81f1-d7505582a0de",
                      "isHook": false,
                      "skipped": false
                    },
                    {
                      "title": "Successfull FST transformation for an ArrayExpression filled by strings ('[\"a\",\"b\",\"c\",\"d\"]')",
                      "fullTitle": "Transformation Strategies Check the conversion strategy for ArrayExpressions Test the AST to FST conversion Successfull FST transformation for an ArrayExpression filled by strings ('[\"a\",\"b\",\"c\",\"d\"]')",
                      "timedOut": false,
                      "duration": 0,
                      "state": "passed",
                      "speed": "fast",
                      "pass": true,
                      "fail": false,
                      "pending": false,
                      "context": null,
                      "code": "tempResultFST.setContent([\"\\\"a\\\"\", \"\\\"b\\\"\", \"\\\"c\\\"\", \"\\\"d\\\"\"]);\n                tempResultFST.setParent();\n                tempResultFST.originNode = \"{\\\"type\\\":\\\"ArrayExpression\\\"}\";\n                rootAST.elements.push({\n                    \"type\": \"Literal\",\n                    \"value\": \"a\",\n                    \"raw\": \"'a'\"\n                });\n                rootAST.elements.push({\n                    \"type\": \"Literal\",\n                    \"value\": \"b\",\n                    \"raw\": \"'b'\"\n                });\n                rootAST.elements.push({\n                    \"type\": \"Literal\",\n                    \"value\": \"c\",\n                    \"raw\": \"'c'\"\n                });\n                rootAST.elements.push({\n                    \"type\": \"Literal\",\n                    \"value\": \"d\",\n                    \"raw\": \"'d'\"\n                });\n                const transformedFST = arrayExpStrategy.toFST(rootAST);\n                expect(transformedFST).not.to.be.undefined;\n                expect(transformedFST instanceof FSTTerminal).to.be.true;\n                expect(transformedFST).to.be.eql(tempResultFST);",
                      "err": {},
                      "uuid": "baf4605b-dc77-423c-a8c6-5927e7dbe5eb",
                      "parentUUID": "1055fdeb-f5ca-4fef-81f1-d7505582a0de",
                      "isHook": false,
                      "skipped": false
                    },
                    {
                      "title": "Successfull FST transformation for an ArrayExpression filled by objects (\"[{\"hello\": \"World\"}, {\"say\": 2}, {\"return\": false}]\")",
                      "fullTitle": "Transformation Strategies Check the conversion strategy for ArrayExpressions Test the AST to FST conversion Successfull FST transformation for an ArrayExpression filled by objects (\"[{\"hello\": \"World\"}, {\"say\": 2}, {\"return\": false}]\")",
                      "timedOut": false,
                      "duration": 0,
                      "state": "passed",
                      "speed": "fast",
                      "pass": true,
                      "fail": false,
                      "pending": false,
                      "context": null,
                      "code": "tempResultFST.setContent([\"{\\n  \\\"hello\\\": \\\"World\\\"\\n}\", \"{\\n  \\\"say\\\": 2\\n}\", \"{\\n  \\\"return\\\": false\\n}\"]);\n                tempResultFST.setParent();\n                tempResultFST.originNode = \"{\\\"type\\\":\\\"ArrayExpression\\\"}\";\n                rootAST.elements.push({\n                    type: \"ObjectExpression\",\n                    properties: [\n                        {\n                            type: \"Property\",\n                            key: {\n                                type: \"Identifier\",\n                                name: \"hello\"\n                            },\n                            value: {\n                                type: \"Literal\",\n                                value: \"World\",\n                                raw: \"\\\"World\\\"\"\n                            },\n                            kind: \"init\"\n                        }\n                    ]\n                });\n                rootAST.elements.push({\n                    type: \"ObjectExpression\",\n                    properties: [\n                        {\n                            type: \"Property\",\n                            key: {\n                                type: \"Identifier\",\n                                name: \"say\"\n                            },\n                            value: {\n                                type: \"Literal\",\n                                value: 2,\n                                raw: \"2\"\n                            },\n                            kind: \"init\"\n                        }\n                    ]\n                });\n                rootAST.elements.push({\n                    type: \"ObjectExpression\",\n                    properties: [\n                        {\n                            type: \"Property\",\n                            key: {\n                                type: \"Identifier\",\n                                name: \"return\"\n                            },\n                            value: {\n                                type: \"Literal\",\n                                value: false,\n                                raw: \"false\"\n                            },\n                            kind: \"init\"\n                        }\n                    ]\n                });\n                const transformedFST = arrayExpStrategy.toFST(rootAST);\n                expect(transformedFST).not.to.be.undefined;\n                expect(transformedFST instanceof FSTTerminal).to.be.true;\n                expect(transformedFST).to.be.eql(tempResultFST);",
                      "err": {},
                      "uuid": "1ff36019-240b-4352-b237-4709ead4a1fd",
                      "parentUUID": "1055fdeb-f5ca-4fef-81f1-d7505582a0de",
                      "isHook": false,
                      "skipped": false
                    },
                    {
                      "title": "Successfull FST transformation for an ArrayExpression filled by Arrays ('[[\"a\",\"b\",\"c\",\"d\"], [1,2,3,4], [{\"hello\": \"World\"}, {\"say\": 2}, {\"return\": false}]]')",
                      "fullTitle": "Transformation Strategies Check the conversion strategy for ArrayExpressions Test the AST to FST conversion Successfull FST transformation for an ArrayExpression filled by Arrays ('[[\"a\",\"b\",\"c\",\"d\"], [1,2,3,4], [{\"hello\": \"World\"}, {\"say\": 2}, {\"return\": false}]]')",
                      "timedOut": false,
                      "duration": 1,
                      "state": "passed",
                      "speed": "fast",
                      "pass": true,
                      "fail": false,
                      "pending": false,
                      "context": null,
                      "code": "tempResultFST.setContent([\n                    \"[\\n  \\\"a\\\",\\n  \\\"b\\\",\\n  \\\"c\\\",\\n  \\\"d\\\"\\n]\",\n                    \"[\\n  1,\\n  2,\\n  3,\\n  4\\n]\",\n                    \"[\\n  {\\n    \\\"hello\\\": \\\"World\\\"\\n  },\\n  {\\n    \\\"say\\\": 2\\n  },\\n  {\\n    \\\"return\\\": false\\n  }\\n]\"\n                ]);\n                tempResultFST.setParent();\n                tempResultFST.originNode = \"{\\\"type\\\":\\\"ArrayExpression\\\"}\";\n                rootAST.elements.push({\n                    type: \"ArrayExpression\",\n                    elements: [\n                        {\n                            type: \"Literal\",\n                            value: \"a\",\n                            raw: \"\\\"a\\\"\"\n                        },\n                        {\n                            type: \"Literal\",\n                            value: \"b\",\n                            raw: \"\\\"b\\\"\"\n                        },\n                        {\n                            type: \"Literal\",\n                            value: \"c\",\n                            raw: \"\\\"c\\\"\"\n                        },\n                        {\n                            type: \"Literal\",\n                            value: \"d\",\n                            raw: \"\\\"d\\\"\"\n                        }\n                    ]\n                });\n                rootAST.elements.push({\n                    type: \"ArrayExpression\",\n                    elements: [\n                        {\n                            type: \"Literal\",\n                            value: 1,\n                            raw: \"1\"\n                        },\n                        {\n                            type: \"Literal\",\n                            value: 2,\n                            raw: \"2\"\n                        },\n                        {\n                            type: \"Literal\",\n                            value: 3,\n                            raw: \"3\"\n                        },\n                        {\n                            type: \"Literal\",\n                            value: 4,\n                            raw: \"4\"\n                        }\n                    ]\n                });\n                rootAST.elements.push({\n                    type: \"ArrayExpression\",\n                    elements: [\n                        {\n                            type: \"ObjectExpression\",\n                            properties: [\n                                {\n                                    type: \"Property\",\n                                    key: {\n                                        type: \"Identifier\",\n                                        name: \"hello\"\n                                    },\n                                    value: {\n                                        type: \"Literal\",\n                                        value: \"World\",\n                                        raw: \"\\\"World\\\"\"\n                                    },\n                                    kind: \"init\"\n                                }\n                            ]\n                        },\n                        {\n                            type: \"ObjectExpression\",\n                            properties: [\n                                {\n                                    type: \"Property\",\n                                    key: {\n                                        type: \"Identifier\",\n                                        name: \"say\"\n                                    },\n                                    value: {\n                                        type: \"Literal\",\n                                        value: 2,\n                                        raw: \"2\"\n                                    },\n                                    kind: \"init\"\n                                }\n                            ]\n                        },\n                        {\n                            type: \"ObjectExpression\",\n                            properties: [\n                                {\n                                    type: \"Property\",\n                                    key: {\n                                        type: \"Identifier\",\n                                        name: \"return\"\n                                    },\n                                    value: {\n                                        type: \"Literal\",\n                                        value: false,\n                                        raw: \"false\"\n                                    },\n                                    kind: \"init\"\n                                }\n                            ]\n                        }\n                    ]\n                });\n                const transformedFST = arrayExpStrategy.toFST(rootAST);\n                expect(transformedFST).not.to.be.undefined;\n                expect(transformedFST instanceof FSTTerminal).to.be.true;\n                expect(transformedFST).to.be.eql(tempResultFST);",
                      "err": {},
                      "uuid": "c1d6a53d-4623-4c4d-97f7-7e56b6a31ac7",
                      "parentUUID": "1055fdeb-f5ca-4fef-81f1-d7505582a0de",
                      "isHook": false,
                      "skipped": false
                    }
                  ],
                  "suites": [],
                  "passes": [
                    "373bf59a-f548-40ef-b97d-178f7797dde4",
                    "e1f230b4-2151-4918-8f6d-f2e79f3178ff",
                    "baf4605b-dc77-423c-a8c6-5927e7dbe5eb",
                    "1ff36019-240b-4352-b237-4709ead4a1fd",
                    "c1d6a53d-4623-4c4d-97f7-7e56b6a31ac7"
                  ],
                  "failures": [],
                  "pending": [],
                  "skipped": [],
                  "duration": 1,
                  "root": false,
                  "rootEmpty": false,
                  "_timeout": 2000
                },
                {
                  "uuid": "355a8b49-2e92-4b7e-91c7-0f16521634c4",
                  "title": "Test the FST to AST conversion",
                  "fullFile": "C:\\Users\\martena\\Entwicklung\\smithery\\smithery-plugin-json\\lib\\astTools\\strategies\\StrategyTests.spec.js",
                  "file": "\\lib\\astTools\\strategies\\StrategyTests.spec.js",
                  "beforeHooks": [
                    {
                      "title": "\"before each\" hook: Setup AST in \"Test the FST to AST conversion\"",
                      "fullTitle": "Transformation Strategies Check the conversion strategy for ArrayExpressions Test the FST to AST conversion \"before each\" hook: Setup AST in \"Test the FST to AST conversion\"",
                      "timedOut": false,
                      "duration": 0,
                      "state": null,
                      "speed": null,
                      "pass": false,
                      "fail": false,
                      "pending": false,
                      "context": null,
                      "code": "//setup the base AST structure\nresultAST = {\n    \"type\": \"ArrayExpression\",\n    \"elements\": []\n};\n//setup the base FST structure\nrootFST = new FSTTerminal('ArrayExpression', 'root');\nrootFST.setMergeStrategy('listConcat');\nrootFST.setCodeLanguage('json');",
                      "err": {},
                      "uuid": "ffba0835-200a-4537-8343-fe7fe3b415db",
                      "parentUUID": "355a8b49-2e92-4b7e-91c7-0f16521634c4",
                      "isHook": true,
                      "skipped": false
                    }
                  ],
                  "afterHooks": [],
                  "tests": [
                    {
                      "title": "Successfull AST transformation for an empty ArrayExpression ('[]')",
                      "fullTitle": "Transformation Strategies Check the conversion strategy for ArrayExpressions Test the FST to AST conversion Successfull AST transformation for an empty ArrayExpression ('[]')",
                      "timedOut": false,
                      "duration": 0,
                      "state": "passed",
                      "speed": "fast",
                      "pass": true,
                      "fail": false,
                      "pending": false,
                      "context": null,
                      "code": "rootFST.setContent([]);\nrootFST.setParent();\nrootFST.originNode = \"{\\\"type\\\":\\\"ArrayExpression\\\"}\";\nconst recreatedAST = arrayExpStrategy.toAST(rootFST);\nexpect(recreatedAST).not.to.be.undefined;\nexpect(recreatedAST).to.be.eql(resultAST);",
                      "err": {},
                      "uuid": "ec0127c2-54d3-4c99-8ee1-18f4d55ce37f",
                      "parentUUID": "355a8b49-2e92-4b7e-91c7-0f16521634c4",
                      "isHook": false,
                      "skipped": false
                    },
                    {
                      "title": "Successfull AST transformation for an ArrayExpression filled by numbers ('[1,2,3,4]')",
                      "fullTitle": "Transformation Strategies Check the conversion strategy for ArrayExpressions Test the FST to AST conversion Successfull AST transformation for an ArrayExpression filled by numbers ('[1,2,3,4]')",
                      "timedOut": false,
                      "duration": 1,
                      "state": "passed",
                      "speed": "fast",
                      "pass": true,
                      "fail": false,
                      "pending": false,
                      "context": null,
                      "code": "rootFST.setContent([\"1\", \"2\", \"3\", \"4\"]);\nrootFST.setParent();\nrootFST.originNode = \"{\\\"type\\\":\\\"ArrayExpression\\\"}\";\nresultAST.elements.push({\n    \"type\": \"Literal\",\n    \"value\": 1,\n    \"raw\": \"1\"\n});\nresultAST.elements.push({\n    \"type\": \"Literal\",\n    \"value\": 2,\n    \"raw\": \"2\"\n});\nresultAST.elements.push({\n    \"type\": \"Literal\",\n    \"value\": 3,\n    \"raw\": \"3\"\n});\nresultAST.elements.push({\n    \"type\": \"Literal\",\n    \"value\": 4,\n    \"raw\": \"4\"\n});\nconst recreatedAST = arrayExpStrategy.toAST(rootFST);\nexpect(recreatedAST).not.to.be.undefined;\nexpect(recreatedAST).to.deep.equal(resultAST);",
                      "err": {},
                      "uuid": "bd239d62-f628-45f9-aa14-355bfca6f33c",
                      "parentUUID": "355a8b49-2e92-4b7e-91c7-0f16521634c4",
                      "isHook": false,
                      "skipped": false
                    },
                    {
                      "title": "Successfull AST transformation for an ArrayExpression filled by strings ('[\"a\",\"b\",\"c\",\"d\"]')",
                      "fullTitle": "Transformation Strategies Check the conversion strategy for ArrayExpressions Test the FST to AST conversion Successfull AST transformation for an ArrayExpression filled by strings ('[\"a\",\"b\",\"c\",\"d\"]')",
                      "timedOut": false,
                      "duration": 1,
                      "state": "passed",
                      "speed": "fast",
                      "pass": true,
                      "fail": false,
                      "pending": false,
                      "context": null,
                      "code": "rootFST.setContent([\"'a'\", \"'b'\", \"'c'\", \"'d'\"]);\nrootFST.setParent();\nrootFST.originNode = \"{\\\"type\\\":\\\"ArrayExpression\\\"}\";\nresultAST.elements.push({\n    \"type\": \"Literal\",\n    \"value\": \"a\",\n    \"raw\": \"\\\"a\\\"\"\n});\nresultAST.elements.push({\n    \"type\": \"Literal\",\n    \"value\": \"b\",\n    \"raw\": \"\\\"b\\\"\"\n});\nresultAST.elements.push({\n    \"type\": \"Literal\",\n    \"value\": \"c\",\n    \"raw\": \"\\\"c\\\"\"\n});\nresultAST.elements.push({\n    \"type\": \"Literal\",\n    \"value\": \"d\",\n    \"raw\": \"\\\"d\\\"\"\n});\nconst recreatedAST = arrayExpStrategy.toAST(rootFST);\nexpect(recreatedAST).not.to.be.undefined;\nexpect(recreatedAST).to.deep.equal(resultAST);",
                      "err": {},
                      "uuid": "337fe79a-46d3-4ff8-9b1a-a06aa52504e7",
                      "parentUUID": "355a8b49-2e92-4b7e-91c7-0f16521634c4",
                      "isHook": false,
                      "skipped": false
                    },
                    {
                      "title": "Successfull AST transformation for an ArrayExpression filled by objects ('[{\"hello\": \"World\"}, {\"say\": 2}, {\"return\": false}]')",
                      "fullTitle": "Transformation Strategies Check the conversion strategy for ArrayExpressions Test the FST to AST conversion Successfull AST transformation for an ArrayExpression filled by objects ('[{\"hello\": \"World\"}, {\"say\": 2}, {\"return\": false}]')",
                      "timedOut": false,
                      "duration": 1,
                      "state": "passed",
                      "speed": "fast",
                      "pass": true,
                      "fail": false,
                      "pending": false,
                      "context": null,
                      "code": "rootFST.setContent([\"{ \\\"hello\\\": \\\"World\\\" }\", \"{ \\\"say\\\": 2 }\", \"{ \\\"return\\\": false }\"]);\n                rootFST.setParent();\n                rootFST.originNode = \"{\\\"type\\\":\\\"ArrayExpression\\\"}\";\n                resultAST.elements.push({\n                    type: \"ObjectExpression\",\n                    properties: [\n                        {\n                            type: \"Property\",\n                            key: {\n                                type: \"Literal\",\n                                value: \"hello\",\n                                raw: \"\\\"hello\\\"\"\n                            },\n                            value: {\n                                type: \"Literal\",\n                                value: \"World\",\n                                raw: \"\\\"World\\\"\"\n                            },\n                            kind: \"init\"\n                        }\n                    ]\n                });\n                resultAST.elements.push({\n                    type: \"ObjectExpression\",\n                    properties: [\n                        {\n                            type: \"Property\",\n                            key: {\n                                type: \"Literal\",\n                                value: \"say\",\n                                raw: \"\\\"say\\\"\"\n                            },\n                            value: {\n                                type: \"Literal\",\n                                value: 2,\n                                raw: \"2\"\n                            },\n                            kind: \"init\"\n                        }\n                    ]\n                });\n                resultAST.elements.push({\n                    type: \"ObjectExpression\",\n                    properties: [\n                        {\n                            type: \"Property\",\n                            key: {\n                                type: \"Literal\",\n                                value: \"return\",\n                                raw: \"\\\"return\\\"\"\n                            },\n                            value: {\n                                type: \"Literal\",\n                                value: false,\n                                raw: \"false\"\n                            },\n                            kind: \"init\"\n                        }\n                    ]\n                });\n                const recreatedAST = arrayExpStrategy.toAST(rootFST);\n                expect(recreatedAST).not.to.be.undefined;\n                expect(recreatedAST).to.deep.equal(resultAST);",
                      "err": {},
                      "uuid": "e140f994-c244-45ed-8833-5ba23bedab06",
                      "parentUUID": "355a8b49-2e92-4b7e-91c7-0f16521634c4",
                      "isHook": false,
                      "skipped": false
                    },
                    {
                      "title": "Successfull AST transformation for an ArrayExpression filled by by Arrays ('[[\"a\",\"b\",\"c\",\"d\"], [1,2,3,4], [{\"hello\": \"World\"}, {\"say\": 2}, {\"return\": false}]]')",
                      "fullTitle": "Transformation Strategies Check the conversion strategy for ArrayExpressions Test the FST to AST conversion Successfull AST transformation for an ArrayExpression filled by by Arrays ('[[\"a\",\"b\",\"c\",\"d\"], [1,2,3,4], [{\"hello\": \"World\"}, {\"say\": 2}, {\"return\": false}]]')",
                      "timedOut": false,
                      "duration": 1,
                      "state": "passed",
                      "speed": "fast",
                      "pass": true,
                      "fail": false,
                      "pending": false,
                      "context": null,
                      "code": "rootFST.setContent([\n                    \"[\\n    'a',\\n    'b',\\n    'c',\\n    'd'\\n]\",\n                    \"[\\n    1,\\n    2,\\n    3,\\n    4\\n]\",\n                    \"[\\n    { \\\"hello\\\": \\\"World\\\" },\\n    { \\\"say\\\": 2 },\\n    { \\\"return\\\": false }\\n]\"\n                ]);\n                rootFST.setParent();\n                rootFST.originNode = \"{\\\"type\\\":\\\"ArrayExpression\\\"}\";\n                resultAST.elements.push({\n                    type: \"ArrayExpression\",\n                    elements: [\n                        {\n                            type: \"Literal\",\n                            value: \"a\",\n                            raw: \"\\\"a\\\"\"\n                        },\n                        {\n                            type: \"Literal\",\n                            value: \"b\",\n                            raw: \"\\\"b\\\"\"\n                        },\n                        {\n                            type: \"Literal\",\n                            value: \"c\",\n                            raw: \"\\\"c\\\"\"\n                        },\n                        {\n                            type: \"Literal\",\n                            value: \"d\",\n                            raw: \"\\\"d\\\"\"\n                        }\n                    ]\n                });\n                resultAST.elements.push({\n                    type: \"ArrayExpression\",\n                    elements: [\n                        {\n                            type: \"Literal\",\n                            value: 1,\n                            raw: \"1\"\n                        },\n                        {\n                            type: \"Literal\",\n                            value: 2,\n                            raw: \"2\"\n                        },\n                        {\n                            type: \"Literal\",\n                            value: 3,\n                            raw: \"3\"\n                        },\n                        {\n                            type: \"Literal\",\n                            value: 4,\n                            raw: \"4\"\n                        }\n                    ]\n                });\n                resultAST.elements.push({\n                    type: \"ArrayExpression\",\n                    elements: [\n                        {\n                            type: \"ObjectExpression\",\n                            properties: [\n                                {\n                                    type: \"Property\",\n                                    key: {\n                                        raw: \"\\\"hello\\\"\",\n                                        type: \"Literal\",\n                                        value: \"hello\"\n                                    },\n                                    value: {\n                                        type: \"Literal\",\n                                        value: \"World\",\n                                        raw: \"\\\"World\\\"\"\n                                    },\n                                    kind: \"init\"\n                                }\n                            ]\n                        },\n                        {\n                            type: \"ObjectExpression\",\n                            properties: [\n                                {\n                                    type: \"Property\",\n                                    key: {\n                                        raw: \"\\\"say\\\"\",\n                                        type: \"Literal\",\n                                        value: \"say\"\n                                    },\n                                    value: {\n                                        type: \"Literal\",\n                                        value: 2,\n                                        raw: \"2\"\n                                    },\n                                    kind: \"init\"\n                                }\n                            ]\n                        },\n                        {\n                            type: \"ObjectExpression\",\n                            properties: [\n                                {\n                                    type: \"Property\",\n                                    key: {\n                                        raw: \"\\\"return\\\"\",\n                                        type: \"Literal\",\n                                        value: \"return\"\n                                    },\n                                    value: {\n                                        type: \"Literal\",\n                                        value: false,\n                                        raw: \"false\"\n                                    },\n                                    kind: \"init\"\n                                }\n                            ]\n                        }\n                    ]\n                });\n                const recreatedAST = arrayExpStrategy.toAST(rootFST);\n                expect(recreatedAST).not.to.be.undefined;\n                expect(recreatedAST).to.deep.equal(resultAST);",
                      "err": {},
                      "uuid": "e6562c9c-ade5-41eb-8689-4dc8599f6910",
                      "parentUUID": "355a8b49-2e92-4b7e-91c7-0f16521634c4",
                      "isHook": false,
                      "skipped": false
                    }
                  ],
                  "suites": [],
                  "passes": [
                    "ec0127c2-54d3-4c99-8ee1-18f4d55ce37f",
                    "bd239d62-f628-45f9-aa14-355bfca6f33c",
                    "337fe79a-46d3-4ff8-9b1a-a06aa52504e7",
                    "e140f994-c244-45ed-8833-5ba23bedab06",
                    "e6562c9c-ade5-41eb-8689-4dc8599f6910"
                  ],
                  "failures": [],
                  "pending": [],
                  "skipped": [],
                  "duration": 4,
                  "root": false,
                  "rootEmpty": false,
                  "_timeout": 2000
                }
              ],
              "passes": [],
              "failures": [],
              "pending": [],
              "skipped": [],
              "duration": 0,
              "root": false,
              "rootEmpty": false,
              "_timeout": 2000
            },
            {
              "uuid": "aad957d2-5771-46be-afda-099ffd70d9e8",
              "title": "Check the conversion strategy for Literal",
              "fullFile": "C:\\Users\\martena\\Entwicklung\\smithery\\smithery-plugin-json\\lib\\astTools\\strategies\\StrategyTests.spec.js",
              "file": "\\lib\\astTools\\strategies\\StrategyTests.spec.js",
              "beforeHooks": [],
              "afterHooks": [],
              "tests": [],
              "suites": [
                {
                  "uuid": "2d2b5e9a-c599-49bd-b879-5a73b5f3db00",
                  "title": "Test the AST to FST conversion",
                  "fullFile": "C:\\Users\\martena\\Entwicklung\\smithery\\smithery-plugin-json\\lib\\astTools\\strategies\\StrategyTests.spec.js",
                  "file": "\\lib\\astTools\\strategies\\StrategyTests.spec.js",
                  "beforeHooks": [
                    {
                      "title": "\"before each\" hook: Setup AST in \"Test the AST to FST conversion\"",
                      "fullTitle": "Transformation Strategies Check the conversion strategy for Literal Test the AST to FST conversion \"before each\" hook: Setup AST in \"Test the AST to FST conversion\"",
                      "timedOut": false,
                      "duration": 0,
                      "state": null,
                      "speed": null,
                      "pass": false,
                      "fail": false,
                      "pending": false,
                      "context": null,
                      "code": "//setup the base AST structure\nrootAST = {\n    \"type\": \"Literal\",\n    \"value\": \"\",\n    \"raw\": \"\"\n};",
                      "err": {},
                      "uuid": "e4c74bf1-ee9b-4278-a10b-b1db44dca7c8",
                      "parentUUID": "2d2b5e9a-c599-49bd-b879-5a73b5f3db00",
                      "isHook": true,
                      "skipped": false
                    }
                  ],
                  "afterHooks": [],
                  "tests": [
                    {
                      "title": "Check correct FST transformation for empty Literal \"\"",
                      "fullTitle": "Transformation Strategies Check the conversion strategy for Literal Test the AST to FST conversion Check correct FST transformation for empty Literal \"\"",
                      "timedOut": false,
                      "duration": 0,
                      "state": "passed",
                      "speed": "fast",
                      "pass": true,
                      "fail": false,
                      "pending": false,
                      "context": null,
                      "code": "//setup the base FST structure\nconst tempResultFST = new FSTTerminal('Literal', 'Literal_');\ntempResultFST.setMergeStrategy('override');\ntempResultFST.setCodeLanguage('json');\ntempResultFST.setContent(\"\");\ntempResultFST.setParent();\ntempResultFST.originNode = \"{\\\"type\\\":\\\"Literal\\\",\\\"value\\\":\\\"\\\",\\\"raw\\\":\\\"\\\"}\";\nconst transformedFST = literalStrategy.toFST(rootAST);\nexpect(transformedFST).to.be.eql(tempResultFST);",
                      "err": {},
                      "uuid": "98568ad0-4b0e-4678-9b7e-41ef2b2289d7",
                      "parentUUID": "2d2b5e9a-c599-49bd-b879-5a73b5f3db00",
                      "isHook": false,
                      "skipped": false
                    },
                    {
                      "title": "Check correct FST transformation for a string Literal (\"a\")",
                      "fullTitle": "Transformation Strategies Check the conversion strategy for Literal Test the AST to FST conversion Check correct FST transformation for a string Literal (\"a\")",
                      "timedOut": false,
                      "duration": 1,
                      "state": "passed",
                      "speed": "fast",
                      "pass": true,
                      "fail": false,
                      "pending": false,
                      "context": null,
                      "code": "//setup the base FST structure\nconst tempResultFST = new FSTTerminal('Literal', 'Literal_a');\ntempResultFST.setMergeStrategy('override');\ntempResultFST.setCodeLanguage('json');\ntempResultFST.setContent(\"a\");\ntempResultFST.setParent();\ntempResultFST.originNode = \"{\\\"type\\\":\\\"Literal\\\",\\\"value\\\":\\\"a\\\",\\\"raw\\\":\\\"\\\\\\\"a\\\\\\\"\\\"}\";\nrootAST.value = \"a\";\nrootAST.raw = \"\\\"a\\\"\";\nconst transformedFST = literalStrategy.toFST(rootAST);\nexpect(transformedFST).to.be.eql(tempResultFST);",
                      "err": {},
                      "uuid": "acbe1855-5f89-45d6-89c4-0cccb5bc6e24",
                      "parentUUID": "2d2b5e9a-c599-49bd-b879-5a73b5f3db00",
                      "isHook": false,
                      "skipped": false
                    },
                    {
                      "title": "Check correct FST transformation for a number Literal (2)",
                      "fullTitle": "Transformation Strategies Check the conversion strategy for Literal Test the AST to FST conversion Check correct FST transformation for a number Literal (2)",
                      "timedOut": false,
                      "duration": 0,
                      "state": "passed",
                      "speed": "fast",
                      "pass": true,
                      "fail": false,
                      "pending": false,
                      "context": null,
                      "code": "//setup the base FST structure\nconst tempResultFST = new FSTTerminal('Literal', 'Literal_2');\ntempResultFST.setMergeStrategy('override');\ntempResultFST.setCodeLanguage('json');\ntempResultFST.setContent(2);\ntempResultFST.setParent();\ntempResultFST.originNode = \"{\\\"type\\\":\\\"Literal\\\",\\\"value\\\":2,\\\"raw\\\":\\\"2\\\"}\";\ntempResultFST.set\nrootAST.value = 2;\nrootAST.raw = \"2\";\nconst transformedFST = literalStrategy.toFST(rootAST);\nexpect(transformedFST).to.be.eql(tempResultFST);",
                      "err": {},
                      "uuid": "7f77262f-3506-4a1a-bffc-2cc06d02c2b4",
                      "parentUUID": "2d2b5e9a-c599-49bd-b879-5a73b5f3db00",
                      "isHook": false,
                      "skipped": false
                    },
                    {
                      "title": "Check correct FST transformation for a boolean Literal (true)",
                      "fullTitle": "Transformation Strategies Check the conversion strategy for Literal Test the AST to FST conversion Check correct FST transformation for a boolean Literal (true)",
                      "timedOut": false,
                      "duration": 1,
                      "state": "passed",
                      "speed": "fast",
                      "pass": true,
                      "fail": false,
                      "pending": false,
                      "context": null,
                      "code": "//setup the base FST structure\nconst tempResultFST = new FSTTerminal('Literal', 'Literal_true');\ntempResultFST.setMergeStrategy('override');\ntempResultFST.setCodeLanguage('json');\ntempResultFST.setContent(\"true\");\ntempResultFST.setParent();\ntempResultFST.originNode = \"{\\\"type\\\":\\\"Literal\\\",\\\"value\\\":\\\"true\\\",\\\"raw\\\":\\\"true\\\"}\";\nrootAST.value = \"true\";\nrootAST.raw = \"true\";\nconst transformedFST = literalStrategy.toFST(rootAST);\nexpect(transformedFST).to.be.eql(tempResultFST);",
                      "err": {},
                      "uuid": "d3c55399-6246-4282-9ade-c3f899ee76af",
                      "parentUUID": "2d2b5e9a-c599-49bd-b879-5a73b5f3db00",
                      "isHook": false,
                      "skipped": false
                    },
                    {
                      "title": "Check correct FST transformation for a boolean Literal (false)",
                      "fullTitle": "Transformation Strategies Check the conversion strategy for Literal Test the AST to FST conversion Check correct FST transformation for a boolean Literal (false)",
                      "timedOut": false,
                      "duration": 0,
                      "state": "passed",
                      "speed": "fast",
                      "pass": true,
                      "fail": false,
                      "pending": false,
                      "context": null,
                      "code": "//setup the base FST structure\nconst tempResultFST = new FSTTerminal('Literal', 'Literal_false');\ntempResultFST.setMergeStrategy('override');\ntempResultFST.setCodeLanguage('json');\ntempResultFST.setContent(\"false\");\ntempResultFST.setParent();\ntempResultFST.originNode = \"{\\\"type\\\":\\\"Literal\\\",\\\"value\\\":\\\"false\\\",\\\"raw\\\":\\\"false\\\"}\";\nrootAST.value = \"false\";\nrootAST.raw = \"false\";\nconst transformedFST = literalStrategy.toFST(rootAST);\nexpect(transformedFST).to.be.eql(tempResultFST);",
                      "err": {},
                      "uuid": "c24906e1-3b0a-4c2e-82f0-2a2dc4cbbbae",
                      "parentUUID": "2d2b5e9a-c599-49bd-b879-5a73b5f3db00",
                      "isHook": false,
                      "skipped": false
                    },
                    {
                      "title": "Check correct FST transformation for a null Literal (null)",
                      "fullTitle": "Transformation Strategies Check the conversion strategy for Literal Test the AST to FST conversion Check correct FST transformation for a null Literal (null)",
                      "timedOut": false,
                      "duration": 0,
                      "state": "passed",
                      "speed": "fast",
                      "pass": true,
                      "fail": false,
                      "pending": false,
                      "context": null,
                      "code": "//setup the base FST structure\nconst tempResultFST = new FSTTerminal('Literal', 'Literal_null');\ntempResultFST.setMergeStrategy('override');\ntempResultFST.setCodeLanguage('json');\ntempResultFST.setContent(\"null\");\ntempResultFST.setParent();\ntempResultFST.originNode = \"{\\\"type\\\":\\\"Literal\\\",\\\"value\\\":\\\"null\\\",\\\"raw\\\":\\\"null\\\"}\";\nrootAST.value = \"null\";\nrootAST.raw = \"null\";\nconst transformedFST = literalStrategy.toFST(rootAST);\nexpect(transformedFST).to.be.eql(tempResultFST);",
                      "err": {},
                      "uuid": "51e8a65b-e207-473c-9e5f-77054f1c2e8d",
                      "parentUUID": "2d2b5e9a-c599-49bd-b879-5a73b5f3db00",
                      "isHook": false,
                      "skipped": false
                    }
                  ],
                  "suites": [],
                  "passes": [
                    "98568ad0-4b0e-4678-9b7e-41ef2b2289d7",
                    "acbe1855-5f89-45d6-89c4-0cccb5bc6e24",
                    "7f77262f-3506-4a1a-bffc-2cc06d02c2b4",
                    "d3c55399-6246-4282-9ade-c3f899ee76af",
                    "c24906e1-3b0a-4c2e-82f0-2a2dc4cbbbae",
                    "51e8a65b-e207-473c-9e5f-77054f1c2e8d"
                  ],
                  "failures": [],
                  "pending": [],
                  "skipped": [],
                  "duration": 2,
                  "root": false,
                  "rootEmpty": false,
                  "_timeout": 2000
                },
                {
                  "uuid": "2497efab-44c8-4673-96fc-227d5a2f42d0",
                  "title": "Test the FST to AST conversion",
                  "fullFile": "C:\\Users\\martena\\Entwicklung\\smithery\\smithery-plugin-json\\lib\\astTools\\strategies\\StrategyTests.spec.js",
                  "file": "\\lib\\astTools\\strategies\\StrategyTests.spec.js",
                  "beforeHooks": [
                    {
                      "title": "\"before each\" hook: Setup AST in \"Test the FST to AST conversion\"",
                      "fullTitle": "Transformation Strategies Check the conversion strategy for Literal Test the FST to AST conversion \"before each\" hook: Setup AST in \"Test the FST to AST conversion\"",
                      "timedOut": false,
                      "duration": 0,
                      "state": null,
                      "speed": null,
                      "pass": false,
                      "fail": false,
                      "pending": false,
                      "context": null,
                      "code": "//setup the base AST structure\nrootFST = new FSTTerminal('Literal', 'root');\nrootFST.setMergeStrategy('override');\nrootFST.setCodeLanguage('json');\nrootFST.setContent(\"\");\nrootFST.setParent();\nrootFST.originNode = \"{\\\"type\\\":\\\"Literal\\\",\\\"value\\\":\\\"\\\",\\\"raw\\\":\\\"\\\"}\";",
                      "err": {},
                      "uuid": "a4986174-2d45-4a74-8c79-261fac24f56d",
                      "parentUUID": "2497efab-44c8-4673-96fc-227d5a2f42d0",
                      "isHook": true,
                      "skipped": false
                    }
                  ],
                  "afterHooks": [],
                  "tests": [
                    {
                      "title": "Check correct AST transformation for empty Literal \"\"",
                      "fullTitle": "Transformation Strategies Check the conversion strategy for Literal Test the FST to AST conversion Check correct AST transformation for empty Literal \"\"",
                      "timedOut": false,
                      "duration": 0,
                      "state": "passed",
                      "speed": "fast",
                      "pass": true,
                      "fail": false,
                      "pending": false,
                      "context": null,
                      "code": "const tempResultAST = {\n    \"type\": \"Literal\",\n    \"value\": \"\",\n    \"raw\": \"\"\n};\nconst transformedAST = literalStrategy.toAST(rootFST);\nexpect(transformedAST).to.be.eql(tempResultAST);",
                      "err": {},
                      "uuid": "864ef1ab-0f31-49bd-b899-8d237a369f3e",
                      "parentUUID": "2497efab-44c8-4673-96fc-227d5a2f42d0",
                      "isHook": false,
                      "skipped": false
                    },
                    {
                      "title": "Check correct AST transformation for a string Literal (\"a\")",
                      "fullTitle": "Transformation Strategies Check the conversion strategy for Literal Test the FST to AST conversion Check correct AST transformation for a string Literal (\"a\")",
                      "timedOut": false,
                      "duration": 0,
                      "state": "passed",
                      "speed": "fast",
                      "pass": true,
                      "fail": false,
                      "pending": false,
                      "context": null,
                      "code": "const tempResultAST = {\n    \"type\": \"Literal\",\n    \"value\": \"a\",\n    \"raw\": \"\\\"a\\\"\"\n};\nrootFST.setContent(\"a\");\nconst transformedAST = literalStrategy.toAST(rootFST);\nexpect(transformedAST).to.be.eql(tempResultAST);",
                      "err": {},
                      "uuid": "e5c91481-3054-4e64-a1da-6d521fad148c",
                      "parentUUID": "2497efab-44c8-4673-96fc-227d5a2f42d0",
                      "isHook": false,
                      "skipped": false
                    },
                    {
                      "title": "Check correct AST transformation for a number Literal (2)",
                      "fullTitle": "Transformation Strategies Check the conversion strategy for Literal Test the FST to AST conversion Check correct AST transformation for a number Literal (2)",
                      "timedOut": false,
                      "duration": 0,
                      "state": "passed",
                      "speed": "fast",
                      "pass": true,
                      "fail": false,
                      "pending": false,
                      "context": null,
                      "code": "const tempResultAST = {\n    \"type\": \"Literal\",\n    \"value\": 2,\n    \"raw\": \"2\"\n};\nrootFST.setContent(2);\nconst transformedAST = literalStrategy.toAST(rootFST);\nexpect(transformedAST).to.be.eql(tempResultAST);",
                      "err": {},
                      "uuid": "ee5e7c52-a35f-4985-8ff4-ed2e7405cd2d",
                      "parentUUID": "2497efab-44c8-4673-96fc-227d5a2f42d0",
                      "isHook": false,
                      "skipped": false
                    },
                    {
                      "title": "Check correct AST transformation for a boolean Literal (true)",
                      "fullTitle": "Transformation Strategies Check the conversion strategy for Literal Test the FST to AST conversion Check correct AST transformation for a boolean Literal (true)",
                      "timedOut": false,
                      "duration": 0,
                      "state": "passed",
                      "speed": "fast",
                      "pass": true,
                      "fail": false,
                      "pending": false,
                      "context": null,
                      "code": "const tempResultAST = {\n    \"type\": \"Literal\",\n    \"value\": \"true\",\n    \"raw\": \"true\"\n};\nrootFST.setContent(\"true\");\nconst transformedAST = literalStrategy.toAST(rootFST);\nexpect(transformedAST).to.be.eql(tempResultAST);",
                      "err": {},
                      "uuid": "f5d318ca-1c32-4c32-a636-53f4a88d735a",
                      "parentUUID": "2497efab-44c8-4673-96fc-227d5a2f42d0",
                      "isHook": false,
                      "skipped": false
                    },
                    {
                      "title": "Check correct AST transformation for a boolean Literal (false)",
                      "fullTitle": "Transformation Strategies Check the conversion strategy for Literal Test the FST to AST conversion Check correct AST transformation for a boolean Literal (false)",
                      "timedOut": false,
                      "duration": 1,
                      "state": "passed",
                      "speed": "fast",
                      "pass": true,
                      "fail": false,
                      "pending": false,
                      "context": null,
                      "code": "const tempResultAST = {\n    \"type\": \"Literal\",\n    \"value\": \"false\",\n    \"raw\": \"false\"\n};\nrootFST.setContent(\"false\");\nconst transformedAST = literalStrategy.toAST(rootFST);\nexpect(transformedAST).to.be.eql(tempResultAST);",
                      "err": {},
                      "uuid": "dd7c0fd3-e5ca-45da-8f9f-5f144c0f1a9e",
                      "parentUUID": "2497efab-44c8-4673-96fc-227d5a2f42d0",
                      "isHook": false,
                      "skipped": false
                    },
                    {
                      "title": "Check correct AST transformation for a null Literal (null)",
                      "fullTitle": "Transformation Strategies Check the conversion strategy for Literal Test the FST to AST conversion Check correct AST transformation for a null Literal (null)",
                      "timedOut": false,
                      "duration": 0,
                      "state": "passed",
                      "speed": "fast",
                      "pass": true,
                      "fail": false,
                      "pending": false,
                      "context": null,
                      "code": "const tempResultAST = {\n    \"type\": \"Literal\",\n    \"value\": \"null\",\n    \"raw\": \"null\"\n};\nrootFST.setContent(\"null\");\nconst transformedAST = literalStrategy.toAST(rootFST);\nexpect(transformedAST).to.be.eql(tempResultAST);",
                      "err": {},
                      "uuid": "ae825eb5-b181-4179-98c7-7bd559ba9be9",
                      "parentUUID": "2497efab-44c8-4673-96fc-227d5a2f42d0",
                      "isHook": false,
                      "skipped": false
                    }
                  ],
                  "suites": [],
                  "passes": [
                    "864ef1ab-0f31-49bd-b899-8d237a369f3e",
                    "e5c91481-3054-4e64-a1da-6d521fad148c",
                    "ee5e7c52-a35f-4985-8ff4-ed2e7405cd2d",
                    "f5d318ca-1c32-4c32-a636-53f4a88d735a",
                    "dd7c0fd3-e5ca-45da-8f9f-5f144c0f1a9e",
                    "ae825eb5-b181-4179-98c7-7bd559ba9be9"
                  ],
                  "failures": [],
                  "pending": [],
                  "skipped": [],
                  "duration": 1,
                  "root": false,
                  "rootEmpty": false,
                  "_timeout": 2000
                }
              ],
              "passes": [],
              "failures": [],
              "pending": [],
              "skipped": [],
              "duration": 0,
              "root": false,
              "rootEmpty": false,
              "_timeout": 2000
            },
            {
              "uuid": "2ed7ceed-1d79-4aba-afd3-37a8cf6b3ded",
              "title": "Check the conversion strategy for ObjectExpression",
              "fullFile": "C:\\Users\\martena\\Entwicklung\\smithery\\smithery-plugin-json\\lib\\astTools\\strategies\\StrategyTests.spec.js",
              "file": "\\lib\\astTools\\strategies\\StrategyTests.spec.js",
              "beforeHooks": [],
              "afterHooks": [],
              "tests": [],
              "suites": [
                {
                  "uuid": "d23bb8cb-7227-4d88-bee9-b6f319900fff",
                  "title": "Test the AST to FST conversion",
                  "fullFile": "C:\\Users\\martena\\Entwicklung\\smithery\\smithery-plugin-json\\lib\\astTools\\strategies\\StrategyTests.spec.js",
                  "file": "\\lib\\astTools\\strategies\\StrategyTests.spec.js",
                  "beforeHooks": [
                    {
                      "title": "\"before each\" hook: Setup AST in \"Test the AST to FST conversion\"",
                      "fullTitle": "Transformation Strategies Check the conversion strategy for ObjectExpression Test the AST to FST conversion \"before each\" hook: Setup AST in \"Test the AST to FST conversion\"",
                      "timedOut": false,
                      "duration": 0,
                      "state": null,
                      "speed": null,
                      "pass": false,
                      "fail": false,
                      "pending": false,
                      "context": null,
                      "code": "rootAST = {\n    type: \"ObjectExpression\",\n    properties: []\n};\ntempResultFST = new FSTNonTerminal(\"ObjectExpression\", \"root\");\ntempResultFST.setParent();\ntempResultFST.originNode = \"{\\\"type\\\":\\\"ObjectExpression\\\"}\";",
                      "err": {},
                      "uuid": "fcc9d30e-9f50-429b-bda8-30791de16cf1",
                      "parentUUID": "d23bb8cb-7227-4d88-bee9-b6f319900fff",
                      "isHook": true,
                      "skipped": false
                    }
                  ],
                  "afterHooks": [],
                  "tests": [
                    {
                      "title": "Check correct FST transformation for empty ObjectExpression \"\"",
                      "fullTitle": "Transformation Strategies Check the conversion strategy for ObjectExpression Test the AST to FST conversion Check correct FST transformation for empty ObjectExpression \"\"",
                      "timedOut": false,
                      "duration": 0,
                      "state": "passed",
                      "speed": "fast",
                      "pass": true,
                      "fail": false,
                      "pending": false,
                      "context": null,
                      "code": "const transformedFST = strat.toFST(rootAST);\nexpect(transformedFST).to.be.eql(tempResultFST);",
                      "err": {},
                      "uuid": "d6ab2c55-00b2-4d92-9ecd-b78e48e86c66",
                      "parentUUID": "d23bb8cb-7227-4d88-bee9-b6f319900fff",
                      "isHook": false,
                      "skipped": false
                    },
                    {
                      "title": "Check correct FST transformation for a string ObjectExpression \"{\"hello\": \"World\"}\"",
                      "fullTitle": "Transformation Strategies Check the conversion strategy for ObjectExpression Test the AST to FST conversion Check correct FST transformation for a string ObjectExpression \"{\"hello\": \"World\"}\"",
                      "timedOut": false,
                      "duration": 1,
                      "state": "passed",
                      "speed": "fast",
                      "pass": true,
                      "fail": false,
                      "pending": false,
                      "context": null,
                      "code": "rootAST.properties.push({\n    type: \"Property\",\n    key: {\n        type: \"Identifier\",\n        name: \"hello\"\n    },\n    value: {\n        type: \"Literal\",\n        value: \"World\",\n        raw: \"\\\"World\\\"\"\n    },\n    kind: \"init\"\n});\nconst textChild = new FSTTerminal('Property', 'hello');\ntextChild.setMergeStrategy('propertyCompose');\ntextChild.setCodeLanguage('json');\ntextChild.setContent(\"\\\"World\\\"\");\ntextChild.setParent(tempResultFST);\ntextChild.originNode = \"{\\\"type\\\":\\\"Property\\\",\\\"key\\\":{\\\"type\\\":\\\"Identifier\\\",\\\"name\\\":\\\"hello\\\"},\\\"kind\\\":\\\"init\\\"}\";\ntempResultFST.addChild(textChild);\nconst transformedFST = strat.toFST(rootAST);\nexpect(transformedFST).to.be.eql(tempResultFST);",
                      "err": {},
                      "uuid": "b5d3fcb3-5c7d-4d44-809b-fd4663834450",
                      "parentUUID": "d23bb8cb-7227-4d88-bee9-b6f319900fff",
                      "isHook": false,
                      "skipped": false
                    },
                    {
                      "title": "Check correct FST transformation for a number ObjectExpression \"{\"say\": 2}\"",
                      "fullTitle": "Transformation Strategies Check the conversion strategy for ObjectExpression Test the AST to FST conversion Check correct FST transformation for a number ObjectExpression \"{\"say\": 2}\"",
                      "timedOut": false,
                      "duration": 0,
                      "state": "passed",
[...]
                      "err": {},
                      "uuid": "07892062-f03d-43f9-9682-105c0503ccb9",
                      "parentUUID": "bdee3fed-360f-4f05-909b-6f3de6c12be4",
                      "isHook": true,
                      "skipped": false
                    }
                  ],
                  "afterHooks": [],
                  "tests": [
                    {
                      "title": "Check correct FST transformation for empty Property \"\"",
                      "fullTitle": "Transformation Strategies Check the conversion strategy for Property Test the AST to FST conversion Check correct FST transformation for empty Property \"\"",
                      "timedOut": false,
                      "duration": 0,
                      "state": "passed",
                      "speed": "fast",
                      "pass": true,
                      "fail": false,
                      "pending": false,
                      "context": null,
                      "code": "const result = strat.toFST(rootAST);\nexpect(result).to.be.eql(tempResult);",
                      "err": {},
                      "uuid": "b09b0c3e-cb11-4a01-b460-15f81cad213c",
                      "parentUUID": "bdee3fed-360f-4f05-909b-6f3de6c12be4",
                      "isHook": false,
                      "skipped": false
                    },
                    {
                      "title": "Check correct FST transformation for a string Property \"Hello World\"",
                      "fullTitle": "Transformation Strategies Check the conversion strategy for Property Test the AST to FST conversion Check correct FST transformation for a string Property \"Hello World\"",
                      "timedOut": false,
                      "duration": 0,
                      "state": "passed",
                      "speed": "fast",
                      "pass": true,
                      "fail": false,
                      "pending": false,
                      "context": null,
                      "code": "rootAST.value = {\n    type: \"Literal\",\n    value: \"Hello World\",\n    raw: \"\\\"Hello World\\\"\"\n};\ntempResult.setContent(\"\\\"Hello World\\\"\");\nconst result = strat.toFST(rootAST);\nexpect(result).to.be.eql(tempResult);",
                      "err": {},
                      "uuid": "8084a591-1643-43d5-b656-1f02b27b2a20",
                      "parentUUID": "bdee3fed-360f-4f05-909b-6f3de6c12be4",
                      "isHook": false,
                      "skipped": false
                    },
                    {
                      "title": "Check correct FST transformation for a number Property \"1\"",
                      "fullTitle": "Transformation Strategies Check the conversion strategy for Property Test the AST to FST conversion Check correct FST transformation for a number Property \"1\"",
                      "timedOut": false,
                      "duration": 0,
                      "state": "passed",
                      "speed": "fast",
                      "pass": true,
                      "fail": false,
                      "pending": false,
                      "context": null,
                      "code": "rootAST.value = {\n    type: \"Literal\",\n    value: 1,\n    raw: \"1\"\n};\ntempResult.setContent(\"1\");\nconst result = strat.toFST(rootAST);\nexpect(result).to.be.eql(tempResult);",
                      "err": {},
                      "uuid": "2499734b-bf65-4b5b-8e69-c48b7d961970",
                      "parentUUID": "bdee3fed-360f-4f05-909b-6f3de6c12be4",
                      "isHook": false,
                      "skipped": false
                    },
                    {
                      "title": "Check correct FST transformation for a boolean Property true",
                      "fullTitle": "Transformation Strategies Check the conversion strategy for Property Test the AST to FST conversion Check correct FST transformation for a boolean Property true",
                      "timedOut": false,
                      "duration": 0,
                      "state": "passed",
                      "speed": "fast",
                      "pass": true,
                      "fail": false,
                      "pending": false,
                      "context": null,
                      "code": "rootAST.value = {\n    type: \"Literal\",\n    value: true,\n    raw: \"true\"\n};\ntempResult.setContent(\"true\");\nconst result = strat.toFST(rootAST);\nexpect(result).to.be.eql(tempResult);",
                      "err": {},
                      "uuid": "00742d81-e233-46af-9c43-bc7cba2a3a75",
                      "parentUUID": "bdee3fed-360f-4f05-909b-6f3de6c12be4",
                      "isHook": false,
                      "skipped": false
                    },
                    {
                      "title": "Check correct FST transformation for a null Property null",
                      "fullTitle": "Transformation Strategies Check the conversion strategy for Property Test the AST to FST conversion Check correct FST transformation for a null Property null",
                      "timedOut": false,
                      "duration": 0,
                      "state": "passed",
                      "speed": "fast",
                      "pass": true,
                      "fail": false,
                      "pending": false,
                      "context": null,
                      "code": "rootAST.value = {\n    type: \"Literal\",\n    value: null,\n    raw: \"null\"\n};\ntempResult.setContent(\"null\");\nconst result = strat.toFST(rootAST);\nexpect(result).to.be.eql(tempResult);",
                      "err": {},
                      "uuid": "9fcf6335-dac3-4c7b-a639-04b8e59c743a",
                      "parentUUID": "bdee3fed-360f-4f05-909b-6f3de6c12be4",
                      "isHook": false,
                      "skipped": false
                    }
                  ],
                  "suites": [],
                  "passes": [
                    "b09b0c3e-cb11-4a01-b460-15f81cad213c",
                    "8084a591-1643-43d5-b656-1f02b27b2a20",
                    "2499734b-bf65-4b5b-8e69-c48b7d961970",
                    "00742d81-e233-46af-9c43-bc7cba2a3a75",
                    "9fcf6335-dac3-4c7b-a639-04b8e59c743a"
                  ],
                  "failures": [],
                  "pending": [],
                  "skipped": [],
                  "duration": 0,
                  "root": false,
                  "rootEmpty": false,
                  "_timeout": 2000
                },
                {
                  "uuid": "b3e5afb3-d90f-42a8-a4e1-755cd9e738df",
                  "title": "Test the FST to AST conversion",
                  "fullFile": "C:\\Users\\martena\\Entwicklung\\smithery\\smithery-plugin-json\\lib\\astTools\\strategies\\StrategyTests.spec.js",
                  "file": "\\lib\\astTools\\strategies\\StrategyTests.spec.js",
                  "beforeHooks": [
                    {
                      "title": "\"before each\" hook: Setup FST in \"Test the FST to AST conversion\"",
                      "fullTitle": "Transformation Strategies Check the conversion strategy for Property Test the FST to AST conversion \"before each\" hook: Setup FST in \"Test the FST to AST conversion\"",
                      "timedOut": false,
                      "duration": 0,
                      "state": null,
                      "speed": null,
                      "pass": false,
                      "fail": false,
                      "pending": false,
                      "context": null,
                      "code": "rootFST = new FSTTerminal(\"Property\", \"test\");\nrootFST.setMergeStrategy('propertyCompose');\nrootFST.setCodeLanguage('json');\nrootFST.setParent();\nrootFST.originNode = \"{\\\"type\\\":\\\"Property\\\",\\\"key\\\":{\\\"type\\\":\\\"Literal\\\",\\\"value\\\":\\\"test\\\",\\\"raw\\\":\\\"test\\\"}}\";\ntempResult = {\n    type: \"Property\",\n    key: {\n        type: \"Identifier\",\n        name: \"test\"\n    },\n    value: undefined\n};",
                      "err": {},
                      "uuid": "fa5ab0b1-c321-4fab-b02c-de5064d912cb",
                      "parentUUID": "b3e5afb3-d90f-42a8-a4e1-755cd9e738df",
                      "isHook": true,
                      "skipped": false
                    }
                  ],
                  "afterHooks": [],
                  "tests": [
                    {
                      "title": "Check correct AST transformation for empty Property \"\"",
                      "fullTitle": "Transformation Strategies Check the conversion strategy for Property Test the FST to AST conversion Check correct AST transformation for empty Property \"\"",
                      "timedOut": false,
                      "duration": 1,
                      "state": "passed",
                      "speed": "fast",
                      "pass": true,
                      "fail": false,
                      "pending": false,
                      "context": null,
                      "code": "const result = strat.toAST(rootFST);\nexpect(result).to.be.eql(tempResult);",
                      "err": {},
                      "uuid": "9c065a98-7bbe-44da-ac33-ff94566e4bfb",
                      "parentUUID": "b3e5afb3-d90f-42a8-a4e1-755cd9e738df",
                      "isHook": false,
                      "skipped": false
                    },
                    {
                      "title": "Check correct AST transformation for a string Property \"Hello World\"",
                      "fullTitle": "Transformation Strategies Check the conversion strategy for Property Test the FST to AST conversion Check correct AST transformation for a string Property \"Hello World\"",
                      "timedOut": false,
                      "duration": 0,
                      "state": "passed",
                      "speed": "fast",
                      "pass": true,
                      "fail": false,
                      "pending": false,
                      "context": null,
                      "code": "rootFST.setContent(\"\\\"Hello World\\\"\");\ntempResult.value = {\n    type: \"Literal\",\n    value: \"Hello World\",\n    raw: \"\\\"Hello World\\\"\"\n};\nconst result = strat.toAST(rootFST);\nexpect(result).to.be.eql(tempResult);",
                      "err": {},
                      "uuid": "dd47c42e-6c61-4fff-8920-d20476c7136f",
                      "parentUUID": "b3e5afb3-d90f-42a8-a4e1-755cd9e738df",
                      "isHook": false,
                      "skipped": false
                    },
                    {
                      "title": "Check correct AST transformation for a number Property 1",
                      "fullTitle": "Transformation Strategies Check the conversion strategy for Property Test the FST to AST conversion Check correct AST transformation for a number Property 1",
                      "timedOut": false,
                      "duration": 0,
                      "state": "passed",
                      "speed": "fast",
                      "pass": true,
                      "fail": false,
                      "pending": false,
                      "context": null,
                      "code": "rootFST.setContent(\"1\");\ntempResult.value = {\n    type: \"Literal\",\n    value: 1,\n    raw: \"1\"\n};\nconst result = strat.toAST(rootFST);\nexpect(result).to.be.eql(tempResult);",
                      "err": {},
                      "uuid": "63efef1b-7a01-4e69-b38e-905d3f93bf7b",
                      "parentUUID": "b3e5afb3-d90f-42a8-a4e1-755cd9e738df",
                      "isHook": false,
                      "skipped": false
                    },
                    {
                      "title": "Check correct AST transformation for a boolean Property true",
                      "fullTitle": "Transformation Strategies Check the conversion strategy for Property Test the FST to AST conversion Check correct AST transformation for a boolean Property true",
                      "timedOut": false,
                      "duration": 0,
                      "state": "passed",
                      "speed": "fast",
                      "pass": true,
                      "fail": false,
                      "pending": false,
                      "context": null,
                      "code": "rootFST.setContent(\"true\");\ntempResult.value = {\n    type: \"Literal\",\n    value: true,\n    raw: \"true\"\n};\nconst result = strat.toAST(rootFST);\nexpect(result).to.be.eql(tempResult);",
                      "err": {},
                      "uuid": "7bd0d6bd-fb06-45a7-a33e-f84bc7c546b9",
                      "parentUUID": "b3e5afb3-d90f-42a8-a4e1-755cd9e738df",
                      "isHook": false,
                      "skipped": false
                    },
                    {
                      "title": "Check correct AST transformation for a null Property null",
                      "fullTitle": "Transformation Strategies Check the conversion strategy for Property Test the FST to AST conversion Check correct AST transformation for a null Property null",
                      "timedOut": false,
                      "duration": 0,
                      "state": "passed",
                      "speed": "fast",
                      "pass": true,
                      "fail": false,
                      "pending": false,
                      "context": null,
                      "code": "rootFST.setContent(\"null\");\ntempResult.value = {\n    type: \"Literal\",\n    value: null,\n    raw: \"null\"\n};\nconst result = strat.toAST(rootFST);\nexpect(result).to.be.eql(tempResult);",
                      "err": {},
                      "uuid": "62c90f3b-ae42-48bd-8415-95846dd75f82",
                      "parentUUID": "b3e5afb3-d90f-42a8-a4e1-755cd9e738df",
                      "isHook": false,
                      "skipped": false
                    }
                  ],
                  "suites": [],
                  "passes": [
                    "9c065a98-7bbe-44da-ac33-ff94566e4bfb",
                    "dd47c42e-6c61-4fff-8920-d20476c7136f",
                    "63efef1b-7a01-4e69-b38e-905d3f93bf7b",
                    "7bd0d6bd-fb06-45a7-a33e-f84bc7c546b9",
                    "62c90f3b-ae42-48bd-8415-95846dd75f82"
                  ],
                  "failures": [],
                  "pending": [],
                  "skipped": [],
                  "duration": 1,
                  "root": false,
                  "rootEmpty": false,
                  "_timeout": 2000
                }
              ],
              "passes": [],
              "failures": [],
              "pending": [],
              "skipped": [],
              "duration": 0,
              "root": false,
              "rootEmpty": false,
              "_timeout": 2000
            }
          ],
          "passes": [],
          "failures": [],
          "pending": [],
          "skipped": [],
          "duration": 0,
          "root": false,
          "rootEmpty": false,
          "_timeout": 2000
        },
        {
          "uuid": "af5c1838-0926-4143-afce-b89e02f058d5",
          "title": "Imposing Rules",
          "fullFile": "C:\\Users\\martena\\Entwicklung\\smithery\\smithery-plugin-json\\lib\\rules\\RulesTest.spec.js",
          "file": "\\lib\\rules\\RulesTest.spec.js",
          "beforeHooks": [],
          "afterHooks": [],
          "tests": [],
          "suites": [
            {
              "uuid": "306fdbce-f153-4746-ad8b-790f36d947ed",
              "title": "Check the list concatenation of arrays",
              "fullFile": "C:\\Users\\martena\\Entwicklung\\smithery\\smithery-plugin-json\\lib\\rules\\RulesTest.spec.js",
              "file": "\\lib\\rules\\RulesTest.spec.js",
              "beforeHooks": [],
              "afterHooks": [],
              "tests": [
                {
                  "title": "Add meaningfull tests",
                  "fullTitle": "Imposing Rules Check the list concatenation of arrays Add meaningfull tests",
                  "timedOut": false,
                  "duration": 0,
                  "state": "pending",
                  "speed": null,
                  "pass": false,
                  "fail": false,
                  "pending": true,
                  "context": null,
                  "code": "",
                  "err": {},
                  "uuid": "90dc0bb1-66f7-49a2-ae33-a82850c1e796",
                  "parentUUID": "306fdbce-f153-4746-ad8b-790f36d947ed",
                  "isHook": false,
                  "skipped": false
                }
              ],
              "suites": [],
              "passes": [],
              "failures": [],
              "pending": [
                "90dc0bb1-66f7-49a2-ae33-a82850c1e796"
              ],
              "skipped": [],
              "duration": 0,
              "root": false,
              "rootEmpty": false,
              "_timeout": 2000
            },
            {
              "uuid": "d4a17d30-0996-435d-bcbd-f88144326f81",
              "title": "Check the composition of object expressions",
              "fullFile": "C:\\Users\\martena\\Entwicklung\\smithery\\smithery-plugin-json\\lib\\rules\\RulesTest.spec.js",
              "file": "\\lib\\rules\\RulesTest.spec.js",
              "beforeHooks": [],
              "afterHooks": [],
              "tests": [
                {
                  "title": "Add meaningfull tests",
                  "fullTitle": "Imposing Rules Check the composition of object expressions Add meaningfull tests",
                  "timedOut": false,
                  "duration": 0,
                  "state": "pending",
                  "speed": null,
                  "pass": false,
                  "fail": false,
                  "pending": true,
                  "context": null,
                  "code": "",
                  "err": {},
                  "uuid": "41d5bf9b-0c96-4d17-a452-a0574958e3c6",
                  "parentUUID": "d4a17d30-0996-435d-bcbd-f88144326f81",
                  "isHook": false,
                  "skipped": false
                }
              ],
              "suites": [],
              "passes": [],
              "failures": [],
              "pending": [
                "41d5bf9b-0c96-4d17-a452-a0574958e3c6"
              ],
              "skipped": [],
              "duration": 0,
              "root": false,
              "rootEmpty": false,
              "_timeout": 2000
            }
          ],
          "passes": [],
          "failures": [],
          "pending": [],
          "skipped": [],
          "duration": 0,
          "root": false,
          "rootEmpty": false,
          "_timeout": 2000
        }
      ],
      "passes": [],
      "failures": [],
      "pending": [],
      "skipped": [],
      "duration": 0,
      "root": true,
      "rootEmpty": true,
      "_timeout": 2000
    }
  ],
  "meta": {
    "mocha": {
      "version": "9.0.3"
    },
    "mochawesome": {
      "options": {
        "quiet": false,
        "reportFilename": "testResults",
        "saveHtml": true,
        "saveJson": true,
        "consoleReporter": "spec",
        "useInlineDiffs": false,
        "code": true
      },
      "version": "6.2.2"
    },
    "marge": {
      "options": {
        "reportDir": "reports/test-results",
        "reportFilename": "testResults"
      },
      "version": "5.2.0"
    }
  }
}