<?xml version="1.0" encoding="UTF-8"?>
<coverage generated="1581539096133" clover="3.2.0">
  <project timestamp="1581539096134" name="All files">
    <metrics statements="74" coveredstatements="68" conditionals="30" coveredconditionals="22" methods="11" coveredmethods="11" elements="115" coveredelements="101" complexity="0" loc="74" ncloc="74" packages="2" files="8" classes="8"/>
    <package name="lib">
      <metrics statements="51" coveredstatements="45" conditionals="30" coveredconditionals="22" methods="6" coveredmethods="6"/>
      <file name="generator.js" path="E:\featureJS-plugin-JSON\lib\generator.js">
        <metrics statements="3" coveredstatements="3" conditionals="0" coveredconditionals="0" methods="1" coveredmethods="1"/>
        <line num="2" count="2" type="stmt"/>
        <line num="5" count="16" type="stmt"/>
        <line num="8" count="2" type="stmt"/>
      </file>
      <file name="parser.js" path="E:\featureJS-plugin-JSON\lib\parser.js">
        <metrics statements="48" coveredstatements="42" conditionals="30" coveredconditionals="22" methods="5" coveredmethods="5"/>
        <line num="3" count="2" type="stmt"/>
        <line num="4" count="2" type="stmt"/>
        <line num="15" count="25" type="stmt"/>
        <line num="16" count="25" type="stmt"/>
        <line num="24" count="0" type="stmt"/>
        <line num="30" count="25" type="stmt"/>
        <line num="31" count="25" type="stmt"/>
        <line num="32" count="25" type="stmt"/>
        <line num="35" count="25" type="stmt"/>
        <line num="36" count="25" type="stmt"/>
        <line num="38" count="25" type="stmt"/>
        <line num="39" count="25" type="stmt"/>
        <line num="42" count="0" type="stmt"/>
        <line num="47" count="72" type="cond" truecount="4" falsecount="0"/>
        <line num="48" count="47" type="stmt"/>
        <line num="49" count="47" type="cond" truecount="1" falsecount="1"/>
        <line num="51" count="25" type="stmt"/>
        <line num="52" count="25" type="stmt"/>
        <line num="53" count="25" type="stmt"/>
        <line num="54" count="25" type="stmt"/>
        <line num="57" count="72" type="cond" truecount="2" falsecount="0"/>
        <line num="58" count="23" type="stmt"/>
        <line num="59" count="23" type="stmt"/>
        <line num="60" count="49" type="cond" truecount="2" falsecount="0"/>
        <line num="62" count="18" type="stmt"/>
        <line num="63" count="31" type="cond" truecount="2" falsecount="0"/>
        <line num="64" count="5" type="cond" truecount="1" falsecount="1"/>
        <line num="65" count="5" type="cond" truecount="2" falsecount="0"/>
        <line num="67" count="0" type="stmt"/>
        <line num="69" count="26" type="cond" truecount="1" falsecount="1"/>
        <line num="70" count="26" type="cond" truecount="1" falsecount="1"/>
        <line num="71" count="26" type="cond" truecount="2" falsecount="0"/>
        <line num="73" count="0" type="stmt"/>
        <line num="76" count="0" type="cond" truecount="0" falsecount="4"/>
        <line num="77" count="0" type="stmt"/>
        <line num="81" count="72" type="stmt"/>
        <line num="82" count="54" type="stmt"/>
        <line num="83" count="54" type="cond" truecount="2" falsecount="0"/>
        <line num="84" count="31" type="stmt"/>
        <line num="85" count="24" type="stmt"/>
        <line num="86" count="24" type="cond" truecount="2" falsecount="0"/>
        <line num="87" count="1" type="stmt"/>
        <line num="89" count="23" type="stmt"/>
        <line num="91" count="24" type="stmt"/>
        <line num="94" count="23" type="stmt"/>
        <line num="95" count="23" type="stmt"/>
        <line num="98" count="72" type="stmt"/>
        <line num="101" count="2" type="stmt"/>
      </file>
    </package>
    <package name="lib.rules">
      <metrics statements="23" coveredstatements="23" conditionals="0" coveredconditionals="0" methods="5" coveredmethods="5"/>
      <file name="ArrayToPrimitiveProperty.js" path="E:\featureJS-plugin-JSON\lib\rules\ArrayToPrimitiveProperty.js">
        <metrics statements="5" coveredstatements="5" conditionals="0" coveredconditionals="0" methods="1" coveredmethods="1"/>
        <line num="3" count="1" type="stmt"/>
        <line num="5" count="1" type="stmt"/>
        <line num="6" count="1" type="stmt"/>
        <line num="7" count="1" type="stmt"/>
        <line num="14" count="1" type="stmt"/>
      </file>
      <file name="ObjectToPrimitiveProperty.js" path="E:\featureJS-plugin-JSON\lib\rules\ObjectToPrimitiveProperty.js">
        <metrics statements="5" coveredstatements="5" conditionals="0" coveredconditionals="0" methods="1" coveredmethods="1"/>
        <line num="3" count="1" type="stmt"/>
        <line num="5" count="1" type="stmt"/>
        <line num="6" count="1" type="stmt"/>
        <line num="7" count="1" type="stmt"/>
        <line num="14" count="1" type="stmt"/>
      </file>
      <file name="PrimitiveProperty.js" path="E:\featureJS-plugin-JSON\lib\rules\PrimitiveProperty.js">
        <metrics statements="4" coveredstatements="4" conditionals="0" coveredconditionals="0" methods="1" coveredmethods="1"/>
        <line num="3" count="1" type="stmt"/>
        <line num="5" count="2" type="stmt"/>
        <line num="6" count="2" type="stmt"/>
        <line num="12" count="1" type="stmt"/>
      </file>
      <file name="PrimitiveToArrayProperty.js" path="E:\featureJS-plugin-JSON\lib\rules\PrimitiveToArrayProperty.js">
        <metrics statements="4" coveredstatements="4" conditionals="0" coveredconditionals="0" methods="1" coveredmethods="1"/>
        <line num="3" count="1" type="stmt"/>
        <line num="5" count="1" type="stmt"/>
        <line num="6" count="1" type="stmt"/>
        <line num="13" count="1" type="stmt"/>
      </file>
      <file name="PrimitiveToObjectProperty.js" path="E:\featureJS-plugin-JSON\lib\rules\PrimitiveToObjectProperty.js">
        <metrics statements="4" coveredstatements="4" conditionals="0" coveredconditionals="0" methods="1" coveredmethods="1"/>
        <line num="3" count="1" type="stmt"/>
        <line num="5" count="1" type="stmt"/>
        <line num="6" count="1" type="stmt"/>
        <line num="13" count="1" type="stmt"/>
      </file>
      <file name="index.js" path="E:\featureJS-plugin-JSON\lib\rules\index.js">
        <metrics statements="1" coveredstatements="1" conditionals="0" coveredconditionals="0" methods="0" coveredmethods="0"/>
        <line num="1" count="1" type="stmt"/>
      </file>
    </package>
  </project>
</coverage>
