{"E:\\featureJS-plugin-JSON\\lib\\generator.js": {"path":"E:\\featureJS-plugin-JSON\\lib\\generator.js","statementMap":{"0":{"start":{"line":2,"column":18},"end":{"line":2,"column":38}},"1":{"start":{"line":5,"column":4},"end":{"line":5,"column":75}},"2":{"start":{"line":8,"column":0},"end":{"line":10,"column":1}}},"fnMap":{"0":{"name":"generate","decl":{"start":{"line":4,"column":9},"end":{"line":4,"column":17}},"loc":{"start":{"line":4,"column":24},"end":{"line":6,"column":1}},"line":4}},"branchMap":{},"s":{"0":2,"1":16,"2":2},"f":{"0":16},"b":{},"_coverageSchema":"1a1c01bbd47fc00a2c39e90264f33305004495a9","hash":"4f9f18d8b28e9357e759e236f0c429cea5fd3512"}
,"E:\\featureJS-plugin-JSON\\lib\\parser.js": {"path":"E:\\featureJS-plugin-JSON\\lib\\parser.js","statementMap":{"0":{"start":{"line":3,"column":15},"end":{"line":3,"column":32}},"1":{"start":{"line":4,"column":21},"end":{"line":12,"column":1}},"2":{"start":{"line":15,"column":4},"end":{"line":25,"column":5}},"3":{"start":{"line":16,"column":8},"end":{"line":22,"column":10}},"4":{"start":{"line":24,"column":8},"end":{"line":24,"column":27}},"5":{"start":{"line":30,"column":4},"end":{"line":43,"column":5}},"6":{"start":{"line":31,"column":20},"end":{"line":31,"column":59}},"7":{"start":{"line":32,"column":8},"end":{"line":32,"column":35}},"8":{"start":{"line":35,"column":18},"end":{"line":35,"column":37}},"9":{"start":{"line":36,"column":8},"end":{"line":36,"column":47}},"10":{"start":{"line":38,"column":8},"end":{"line":38,"column":30}},"11":{"start":{"line":39,"column":8},"end":{"line":39,"column":19}},"12":{"start":{"line":42,"column":8},"end":{"line":42,"column":46}},"13":{"start":{"line":47,"column":4},"end":{"line":55,"column":5}},"14":{"start":{"line":48,"column":8},"end":{"line":48,"column":38}},"15":{"start":{"line":49,"column":8},"end":{"line":49,"column":101}},"16":{"start":{"line":51,"column":8},"end":{"line":51,"column":32}},"17":{"start":{"line":52,"column":8},"end":{"line":52,"column":30}},"18":{"start":{"line":53,"column":8},"end":{"line":53,"column":27}},"19":{"start":{"line":54,"column":8},"end":{"line":54,"column":22}},"20":{"start":{"line":57,"column":4},"end":{"line":79,"column":5}},"21":{"start":{"line":58,"column":8},"end":{"line":58,"column":35}},"22":{"start":{"line":59,"column":8},"end":{"line":59,"column":31}},"23":{"start":{"line":60,"column":11},"end":{"line":79,"column":5}},"24":{"start":{"line":62,"column":8},"end":{"line":62,"column":31}},"25":{"start":{"line":63,"column":11},"end":{"line":79,"column":5}},"26":{"start":{"line":64,"column":8},"end":{"line":68,"column":9}},"27":{"start":{"line":65,"column":12},"end":{"line":65,"column":64}},"28":{"start":{"line":67,"column":12},"end":{"line":67,"column":70}},"29":{"start":{"line":69,"column":11},"end":{"line":79,"column":5}},"30":{"start":{"line":70,"column":8},"end":{"line":74,"column":9}},"31":{"start":{"line":71,"column":12},"end":{"line":71,"column":64}},"32":{"start":{"line":73,"column":12},"end":{"line":73,"column":70}},"33":{"start":{"line":76,"column":8},"end":{"line":78,"column":9}},"34":{"start":{"line":77,"column":12},"end":{"line":77,"column":41}},"35":{"start":{"line":81,"column":4},"end":{"line":97,"column":7}},"36":{"start":{"line":82,"column":21},"end":{"line":82,"column":36}},"37":{"start":{"line":83,"column":8},"end":{"line":96,"column":9}},"38":{"start":{"line":84,"column":12},"end":{"line":92,"column":14}},"39":{"start":{"line":85,"column":16},"end":{"line":85,"column":39}},"40":{"start":{"line":86,"column":16},"end":{"line":90,"column":17}},"41":{"start":{"line":87,"column":20},"end":{"line":87,"column":43}},"42":{"start":{"line":89,"column":20},"end":{"line":89,"column":42}},"43":{"start":{"line":91,"column":16},"end":{"line":91,"column":45}},"44":{"start":{"line":94,"column":12},"end":{"line":94,"column":35}},"45":{"start":{"line":95,"column":12},"end":{"line":95,"column":41}},"46":{"start":{"line":98,"column":4},"end":{"line":98,"column":16}},"47":{"start":{"line":101,"column":0},"end":{"line":104,"column":1}}},"fnMap":{"0":{"name":"createAst","decl":{"start":{"line":14,"column":9},"end":{"line":14,"column":18}},"loc":{"start":{"line":14,"column":46},"end":{"line":26,"column":1}},"line":14},"1":{"name":"parse","decl":{"start":{"line":28,"column":9},"end":{"line":28,"column":14}},"loc":{"start":{"line":28,"column":38},"end":{"line":44,"column":1}},"line":28},"2":{"name":"prepareAst","decl":{"start":{"line":46,"column":9},"end":{"line":46,"column":19}},"loc":{"start":{"line":46,"column":36},"end":{"line":99,"column":1}},"line":46},"3":{"name":"(anonymous_3)","decl":{"start":{"line":81,"column":36},"end":{"line":81,"column":37}},"loc":{"start":{"line":81,"column":51},"end":{"line":97,"column":5}},"line":81},"4":{"name":"(anonymous_4)","decl":{"start":{"line":84,"column":27},"end":{"line":84,"column":28}},"loc":{"start":{"line":84,"column":46},"end":{"line":92,"column":13}},"line":84}},"branchMap":{"0":{"loc":{"start":{"line":47,"column":4},"end":{"line":55,"column":5}},"type":"if","locations":[{"start":{"line":47,"column":4},"end":{"line":55,"column":5}},{"start":{"line":47,"column":4},"end":{"line":55,"column":5}}],"line":47},"1":{"loc":{"start":{"line":47,"column":8},"end":{"line":47,"column":35}},"type":"binary-expr","locations":[{"start":{"line":47,"column":8},"end":{"line":47,"column":16}},{"start":{"line":47,"column":20},"end":{"line":47,"column":35}}],"line":47},"2":{"loc":{"start":{"line":49,"column":20},"end":{"line":49,"column":100}},"type":"cond-expr","locations":[{"start":{"line":49,"column":50},"end":{"line":49,"column":88}},{"start":{"line":49,"column":91},"end":{"line":49,"column":100}}],"line":49},"3":{"loc":{"start":{"line":57,"column":4},"end":{"line":79,"column":5}},"type":"if","locations":[{"start":{"line":57,"column":4},"end":{"line":79,"column":5}},{"start":{"line":57,"column":4},"end":{"line":79,"column":5}}],"line":57},"4":{"loc":{"start":{"line":60,"column":11},"end":{"line":79,"column":5}},"type":"if","locations":[{"start":{"line":60,"column":11},"end":{"line":79,"column":5}},{"start":{"line":60,"column":11},"end":{"line":79,"column":5}}],"line":60},"5":{"loc":{"start":{"line":63,"column":11},"end":{"line":79,"column":5}},"type":"if","locations":[{"start":{"line":63,"column":11},"end":{"line":79,"column":5}},{"start":{"line":63,"column":11},"end":{"line":79,"column":5}}],"line":63},"6":{"loc":{"start":{"line":64,"column":8},"end":{"line":68,"column":9}},"type":"if","locations":[{"start":{"line":64,"column":8},"end":{"line":68,"column":9}},{"start":{"line":64,"column":8},"end":{"line":68,"column":9}}],"line":64},"7":{"loc":{"start":{"line":65,"column":24},"end":{"line":65,"column":63}},"type":"cond-expr","locations":[{"start":{"line":65,"column":38},"end":{"line":65,"column":54}},{"start":{"line":65,"column":57},"end":{"line":65,"column":63}}],"line":65},"8":{"loc":{"start":{"line":69,"column":11},"end":{"line":79,"column":5}},"type":"if","locations":[{"start":{"line":69,"column":11},"end":{"line":79,"column":5}},{"start":{"line":69,"column":11},"end":{"line":79,"column":5}}],"line":69},"9":{"loc":{"start":{"line":70,"column":8},"end":{"line":74,"column":9}},"type":"if","locations":[{"start":{"line":70,"column":8},"end":{"line":74,"column":9}},{"start":{"line":70,"column":8},"end":{"line":74,"column":9}}],"line":70},"10":{"loc":{"start":{"line":71,"column":24},"end":{"line":71,"column":63}},"type":"cond-expr","locations":[{"start":{"line":71,"column":38},"end":{"line":71,"column":54}},{"start":{"line":71,"column":57},"end":{"line":71,"column":63}}],"line":71},"11":{"loc":{"start":{"line":76,"column":8},"end":{"line":78,"column":9}},"type":"if","locations":[{"start":{"line":76,"column":8},"end":{"line":78,"column":9}},{"start":{"line":76,"column":8},"end":{"line":78,"column":9}}],"line":76},"12":{"loc":{"start":{"line":76,"column":14},"end":{"line":76,"column":43}},"type":"binary-expr","locations":[{"start":{"line":76,"column":14},"end":{"line":76,"column":23}},{"start":{"line":76,"column":27},"end":{"line":76,"column":43}}],"line":76},"13":{"loc":{"start":{"line":83,"column":8},"end":{"line":96,"column":9}},"type":"if","locations":[{"start":{"line":83,"column":8},"end":{"line":96,"column":9}},{"start":{"line":83,"column":8},"end":{"line":96,"column":9}}],"line":83},"14":{"loc":{"start":{"line":86,"column":16},"end":{"line":90,"column":17}},"type":"if","locations":[{"start":{"line":86,"column":16},"end":{"line":90,"column":17}},{"start":{"line":86,"column":16},"end":{"line":90,"column":17}}],"line":86}},"s":{"0":2,"1":2,"2":25,"3":25,"4":0,"5":25,"6":25,"7":25,"8":25,"9":25,"10":25,"11":25,"12":0,"13":72,"14":47,"15":47,"16":25,"17":25,"18":25,"19":25,"20":72,"21":23,"22":23,"23":49,"24":18,"25":31,"26":5,"27":5,"28":0,"29":26,"30":26,"31":26,"32":0,"33":0,"34":0,"35":72,"36":54,"37":54,"38":31,"39":24,"40":24,"41":1,"42":23,"43":24,"44":23,"45":23,"46":72,"47":2},"f":{"0":25,"1":25,"2":72,"3":54,"4":24},"b":{"0":[47,25],"1":[72,47],"2":[47,0],"3":[23,49],"4":[18,31],"5":[5,26],"6":[5,0],"7":[3,2],"8":[26,0],"9":[26,0],"10":[3,23],"11":[0,0],"12":[0,0],"13":[31,23],"14":[1,23]},"_coverageSchema":"1a1c01bbd47fc00a2c39e90264f33305004495a9","hash":"49d578a84a4cc35c7614fdf68ba7859841cac55f"}
,"E:\\featureJS-plugin-JSON\\lib\\rules\\ArrayToPrimitiveProperty.js": {"path":"E:\\featureJS-plugin-JSON\\lib\\rules\\ArrayToPrimitiveProperty.js","statementMap":{"0":{"start":{"line":3,"column":13},"end":{"line":12,"column":1}},"1":{"start":{"line":5,"column":8},"end":{"line":5,"column":17}},"2":{"start":{"line":6,"column":8},"end":{"line":6,"column":43}},"3":{"start":{"line":7,"column":8},"end":{"line":7,"column":26}},"4":{"start":{"line":14,"column":0},"end":{"line":14,"column":22}}},"fnMap":{"0":{"name":"(anonymous_0)","decl":{"start":{"line":4,"column":13},"end":{"line":4,"column":14}},"loc":{"start":{"line":4,"column":54},"end":{"line":8,"column":5}},"line":4}},"branchMap":{},"s":{"0":1,"1":1,"2":1,"3":1,"4":1},"f":{"0":1},"b":{},"_coverageSchema":"1a1c01bbd47fc00a2c39e90264f33305004495a9","hash":"ecb283654a05c9cd6a8ccc18925b046c6edeeb49"}
,"E:\\featureJS-plugin-JSON\\lib\\rules\\ObjectToPrimitiveProperty.js": {"path":"E:\\featureJS-plugin-JSON\\lib\\rules\\ObjectToPrimitiveProperty.js","statementMap":{"0":{"start":{"line":3,"column":13},"end":{"line":12,"column":1}},"1":{"start":{"line":5,"column":8},"end":{"line":5,"column":17}},"2":{"start":{"line":6,"column":8},"end":{"line":6,"column":43}},"3":{"start":{"line":7,"column":8},"end":{"line":7,"column":26}},"4":{"start":{"line":14,"column":0},"end":{"line":14,"column":22}}},"fnMap":{"0":{"name":"(anonymous_0)","decl":{"start":{"line":4,"column":13},"end":{"line":4,"column":14}},"loc":{"start":{"line":4,"column":54},"end":{"line":8,"column":5}},"line":4}},"branchMap":{},"s":{"0":1,"1":1,"2":1,"3":1,"4":1},"f":{"0":1},"b":{},"_coverageSchema":"1a1c01bbd47fc00a2c39e90264f33305004495a9","hash":"f7d876e4fef01983527e51288041494467290a91"}
,"E:\\featureJS-plugin-JSON\\lib\\rules\\PrimitiveProperty.js": {"path":"E:\\featureJS-plugin-JSON\\lib\\rules\\PrimitiveProperty.js","statementMap":{"0":{"start":{"line":3,"column":13},"end":{"line":10,"column":1}},"1":{"start":{"line":5,"column":8},"end":{"line":5,"column":43}},"2":{"start":{"line":6,"column":8},"end":{"line":6,"column":26}},"3":{"start":{"line":12,"column":0},"end":{"line":12,"column":22}}},"fnMap":{"0":{"name":"(anonymous_0)","decl":{"start":{"line":4,"column":13},"end":{"line":4,"column":14}},"loc":{"start":{"line":4,"column":54},"end":{"line":7,"column":5}},"line":4}},"branchMap":{},"s":{"0":1,"1":2,"2":2,"3":1},"f":{"0":2},"b":{},"_coverageSchema":"1a1c01bbd47fc00a2c39e90264f33305004495a9","hash":"f8b64d58aec6b1fd2e2945ae10674cb40d47ccd7"}
,"E:\\featureJS-plugin-JSON\\lib\\rules\\PrimitiveToArrayProperty.js": {"path":"E:\\featureJS-plugin-JSON\\lib\\rules\\PrimitiveToArrayProperty.js","statementMap":{"0":{"start":{"line":3,"column":13},"end":{"line":11,"column":1}},"1":{"start":{"line":5,"column":8},"end":{"line":5,"column":43}},"2":{"start":{"line":6,"column":8},"end":{"line":6,"column":26}},"3":{"start":{"line":13,"column":0},"end":{"line":13,"column":22}}},"fnMap":{"0":{"name":"(anonymous_0)","decl":{"start":{"line":4,"column":13},"end":{"line":4,"column":14}},"loc":{"start":{"line":4,"column":54},"end":{"line":7,"column":5}},"line":4}},"branchMap":{},"s":{"0":1,"1":1,"2":1,"3":1},"f":{"0":1},"b":{},"_coverageSchema":"1a1c01bbd47fc00a2c39e90264f33305004495a9","hash":"bd897a280c674eb4cc254c12ef824602ed3395a7"}
,"E:\\featureJS-plugin-JSON\\lib\\rules\\PrimitiveToObjectProperty.js": {"path":"E:\\featureJS-plugin-JSON\\lib\\rules\\PrimitiveToObjectProperty.js","statementMap":{"0":{"start":{"line":3,"column":13},"end":{"line":11,"column":1}},"1":{"start":{"line":5,"column":8},"end":{"line":5,"column":43}},"2":{"start":{"line":6,"column":8},"end":{"line":6,"column":26}},"3":{"start":{"line":13,"column":0},"end":{"line":13,"column":22}}},"fnMap":{"0":{"name":"(anonymous_0)","decl":{"start":{"line":4,"column":13},"end":{"line":4,"column":14}},"loc":{"start":{"line":4,"column":54},"end":{"line":7,"column":5}},"line":4}},"branchMap":{},"s":{"0":1,"1":1,"2":1,"3":1},"f":{"0":1},"b":{},"_coverageSchema":"1a1c01bbd47fc00a2c39e90264f33305004495a9","hash":"f6e8da7c664f3a893b7ef0fd7e271ce98e02fe2e"}
,"E:\\featureJS-plugin-JSON\\lib\\rules\\index.js": {"path":"E:\\featureJS-plugin-JSON\\lib\\rules\\index.js","statementMap":{"0":{"start":{"line":1,"column":0},"end":{"line":7,"column":2}}},"fnMap":{},"branchMap":{},"s":{"0":1},"f":{},"b":{},"_coverageSchema":"1a1c01bbd47fc00a2c39e90264f33305004495a9","hash":"ff206ba24fdcc86a6d06138513f5c218bc0bf00d"}
}
