TN:
SF:lib\generator.js
FN:4,generate
FNF:1
FNH:1
FNDA:16,generate
DA:2,2
DA:5,16
DA:8,2
LF:3
LH:3
BRF:0
BRH:0
end_of_record
TN:
SF:lib\parser.js
FN:14,createAst
FN:28,parse
FN:46,prepareAst
FN:81,(anonymous_3)
FN:84,(anonymous_4)
FNF:5
FNH:5
FNDA:25,createAst
FNDA:25,parse
FNDA:72,prepareAst
FNDA:54,(anonymous_3)
FNDA:24,(anonymous_4)
DA:3,2
DA:4,2
DA:15,25
DA:16,25
DA:24,0
DA:30,25
DA:31,25
DA:32,25
DA:35,25
DA:36,25
DA:38,25
DA:39,25
DA:42,0
DA:47,72
DA:48,47
DA:49,47
DA:51,25
DA:52,25
DA:53,25
DA:54,25
DA:57,72
DA:58,23
DA:59,23
DA:60,49
DA:62,18
DA:63,31
DA:64,5
DA:65,5
DA:67,0
DA:69,26
DA:70,26
DA:71,26
DA:73,0
DA:76,0
DA:77,0
DA:81,72
DA:82,54
DA:83,54
DA:84,31
DA:85,24
DA:86,24
DA:87,1
DA:89,23
DA:91,24
DA:94,23
DA:95,23
DA:98,72
DA:101,2
LF:48
LH:42
BRDA:47,0,0,47
BRDA:47,0,1,25
BRDA:47,1,0,72
BRDA:47,1,1,47
BRDA:49,2,0,47
BRDA:49,2,1,0
BRDA:57,3,0,23
BRDA:57,3,1,49
BRDA:60,4,0,18
BRDA:60,4,1,31
BRDA:63,5,0,5
BRDA:63,5,1,26
BRDA:64,6,0,5
BRDA:64,6,1,0
BRDA:65,7,0,3
BRDA:65,7,1,2
BRDA:69,8,0,26
BRDA:69,8,1,0
BRDA:70,9,0,26
BRDA:70,9,1,0
BRDA:71,10,0,3
BRDA:71,10,1,23
BRDA:76,11,0,0
BRDA:76,11,1,0
BRDA:76,12,0,0
BRDA:76,12,1,0
BRDA:83,13,0,31
BRDA:83,13,1,23
BRDA:86,14,0,1
BRDA:86,14,1,23
BRF:30
BRH:22
end_of_record
TN:
SF:lib\rules\ArrayToPrimitiveProperty.js
FN:4,(anonymous_0)
FNF:1
FNH:1
FNDA:1,(anonymous_0)
DA:3,1
DA:5,1
DA:6,1
DA:7,1
DA:14,1
LF:5
LH:5
BRF:0
BRH:0
end_of_record
TN:
SF:lib\rules\ObjectToPrimitiveProperty.js
FN:4,(anonymous_0)
FNF:1
FNH:1
FNDA:1,(anonymous_0)
DA:3,1
DA:5,1
DA:6,1
DA:7,1
DA:14,1
LF:5
LH:5
BRF:0
BRH:0
end_of_record
TN:
SF:lib\rules\PrimitiveProperty.js
FN:4,(anonymous_0)
FNF:1
FNH:1
FNDA:2,(anonymous_0)
DA:3,1
DA:5,2
DA:6,2
DA:12,1
LF:4
LH:4
BRF:0
BRH:0
end_of_record
TN:
SF:lib\rules\PrimitiveToArrayProperty.js
FN:4,(anonymous_0)
FNF:1
FNH:1
FNDA:1,(anonymous_0)
DA:3,1
DA:5,1
DA:6,1
DA:13,1
LF:4
LH:4
BRF:0
BRH:0
end_of_record
TN:
SF:lib\rules\PrimitiveToObjectProperty.js
FN:4,(anonymous_0)
FNF:1
FNH:1
FNDA:1,(anonymous_0)
DA:3,1
DA:5,1
DA:6,1
DA:13,1
LF:4
LH:4
BRF:0
BRH:0
end_of_record
TN:
SF:lib\rules\index.js
FNF:0
FNH:0
DA:1,1
LF:1
LH:1
BRF:0
BRH:0
end_of_record
